Warning[205] C:\USERS\WANGA\MPLABXPROJECTS\LAB2.X\ADVANCE.ASM 1 : Found directive in column 1. (List)
Warning[203] C:\USERS\WANGA\MPLABXPROJECTS\LAB2.X\ADVANCE.ASM 7 : Found opcode in column 1. (LFSR)
Warning[203] C:\USERS\WANGA\MPLABXPROJECTS\LAB2.X\ADVANCE.ASM 8 : Found opcode in column 1. (MOVLB)
Warning[203] C:\USERS\WANGA\MPLABXPROJECTS\LAB2.X\ADVANCE.ASM 9 : Found opcode in column 1. (MOVLW)
Warning[203] C:\USERS\WANGA\MPLABXPROJECTS\LAB2.X\ADVANCE.ASM 10 : Found opcode in column 1. (MOVWF)
Warning[203] C:\USERS\WANGA\MPLABXPROJECTS\LAB2.X\ADVANCE.ASM 11 : Found opcode in column 1. (MOVLW)
Warning[203] C:\USERS\WANGA\MPLABXPROJECTS\LAB2.X\ADVANCE.ASM 12 : Found opcode in column 1. (MOVWF)
Warning[203] C:\USERS\WANGA\MPLABXPROJECTS\LAB2.X\ADVANCE.ASM 13 : Found opcode in column 1. (MOVLW)
Warning[203] C:\USERS\WANGA\MPLABXPROJECTS\LAB2.X\ADVANCE.ASM 14 : Found opcode in column 1. (MOVWF)
Warning[203] C:\USERS\WANGA\MPLABXPROJECTS\LAB2.X\ADVANCE.ASM 15 : Found opcode in column 1. (MOVLW)
Warning[203] C:\USERS\WANGA\MPLABXPROJECTS\LAB2.X\ADVANCE.ASM 16 : Found opcode in column 1. (MOVWF)
Warning[203] C:\USERS\WANGA\MPLABXPROJECTS\LAB2.X\ADVANCE.ASM 17 : Found opcode in column 1. (MOVLW)
Warning[203] C:\USERS\WANGA\MPLABXPROJECTS\LAB2.X\ADVANCE.ASM 18 : Found opcode in column 1. (MOVWF)
Warning[203] C:\USERS\WANGA\MPLABXPROJECTS\LAB2.X\ADVANCE.ASM 19 : Found opcode in column 1. (MOVLW)
Warning[203] C:\USERS\WANGA\MPLABXPROJECTS\LAB2.X\ADVANCE.ASM 20 : Found opcode in column 1. (MOVWF)
Warning[203] C:\USERS\WANGA\MPLABXPROJECTS\LAB2.X\ADVANCE.ASM 21 : Found opcode in column 1. (MOVLW)
Warning[203] C:\USERS\WANGA\MPLABXPROJECTS\LAB2.X\ADVANCE.ASM 22 : Found opcode in column 1. (MOVWF)
Warning[203] C:\USERS\WANGA\MPLABXPROJECTS\LAB2.X\ADVANCE.ASM 24 : Found opcode in column 1. (MOVLW)
Warning[203] C:\USERS\WANGA\MPLABXPROJECTS\LAB2.X\ADVANCE.ASM 25 : Found opcode in column 1. (MOVWF)
Warning[203] C:\USERS\WANGA\MPLABXPROJECTS\LAB2.X\ADVANCE.ASM 26 : Found opcode in column 1. (MOVWF)
Warning[203] C:\USERS\WANGA\MPLABXPROJECTS\LAB2.X\ADVANCE.ASM 28 : Found opcode in column 1. (LFSR)
Warning[203] C:\USERS\WANGA\MPLABXPROJECTS\LAB2.X\ADVANCE.ASM 29 : Found opcode in column 1. (LFSR)
Warning[207] C:\USERS\WANGA\MPLABXPROJECTS\LAB2.X\ADVANCE.ASM 32 : Found label after column 1. (forj)
Warning[202] C:\USERS\WANGA\MPLABXPROJECTS\LAB2.X\ADVANCE.ASM 34 : Argument out of range.  Least significant bits used.
Warning[207] C:\USERS\WANGA\MPLABXPROJECTS\LAB2.X\ADVANCE.ASM 41 : Found label after column 1. (next)
Warning[203] C:\USERS\WANGA\MPLABXPROJECTS\LAB2.X\ADVANCE.ASM 44 : Found opcode in column 1. (DECFSZ)
Warning[203] C:\USERS\WANGA\MPLABXPROJECTS\LAB2.X\ADVANCE.ASM 45 : Found opcode in column 1. (GOTO)
Warning[205] C:\USERS\WANGA\MPLABXPROJECTS\LAB2.X\ADVANCE.ASM 46 : Found directive in column 1. (end)
