Warning[205] C:\USERS\WANGA\MPLABXPROJECTS\LAB2.X\BASIC.ASM 1 : Found directive in column 1. (List)
Warning[203] C:\USERS\WANGA\MPLABXPROJECTS\LAB2.X\BASIC.ASM 8 : Found opcode in column 1. (LFSR)
Warning[203] C:\USERS\WANGA\MPLABXPROJECTS\LAB2.X\BASIC.ASM 9 : Found opcode in column 1. (LFSR)
Warning[203] C:\USERS\WANGA\MPLABXPROJECTS\LAB2.X\BASIC.ASM 10 : Found opcode in column 1. (MOVLB)
Warning[203] C:\USERS\WANGA\MPLABXPROJECTS\LAB2.X\BASIC.ASM 12 : Found opcode in column 1. (MOVLW)
Warning[203] C:\USERS\WANGA\MPLABXPROJECTS\LAB2.X\BASIC.ASM 13 : Found opcode in column 1. (MOVWF)
Warning[203] C:\USERS\WANGA\MPLABXPROJECTS\LAB2.X\BASIC.ASM 14 : Found opcode in column 1. (MOVLW)
Warning[203] C:\USERS\WANGA\MPLABXPROJECTS\LAB2.X\BASIC.ASM 15 : Found opcode in column 1. (MOVWF)
Warning[203] C:\USERS\WANGA\MPLABXPROJECTS\LAB2.X\BASIC.ASM 17 : Found opcode in column 1. (ADDWF)
Warning[203] C:\USERS\WANGA\MPLABXPROJECTS\LAB2.X\BASIC.ASM 18 : Found opcode in column 1. (MOVWF)
Warning[203] C:\USERS\WANGA\MPLABXPROJECTS\LAB2.X\BASIC.ASM 19 : Found opcode in column 1. (ADDWF)
Warning[203] C:\USERS\WANGA\MPLABXPROJECTS\LAB2.X\BASIC.ASM 20 : Found opcode in column 1. (MOVWF)
Warning[203] C:\USERS\WANGA\MPLABXPROJECTS\LAB2.X\BASIC.ASM 22 : Found opcode in column 1. (ADDWF)
Warning[203] C:\USERS\WANGA\MPLABXPROJECTS\LAB2.X\BASIC.ASM 23 : Found opcode in column 1. (MOVWF)
Warning[203] C:\USERS\WANGA\MPLABXPROJECTS\LAB2.X\BASIC.ASM 24 : Found opcode in column 1. (ADDWF)
Warning[203] C:\USERS\WANGA\MPLABXPROJECTS\LAB2.X\BASIC.ASM 25 : Found opcode in column 1. (MOVWF)
Warning[203] C:\USERS\WANGA\MPLABXPROJECTS\LAB2.X\BASIC.ASM 26 : Found opcode in column 1. (ADDWF)
Warning[203] C:\USERS\WANGA\MPLABXPROJECTS\LAB2.X\BASIC.ASM 27 : Found opcode in column 1. (MOVWF)
Warning[203] C:\USERS\WANGA\MPLABXPROJECTS\LAB2.X\BASIC.ASM 28 : Found opcode in column 1. (ADDWF)
Warning[203] C:\USERS\WANGA\MPLABXPROJECTS\LAB2.X\BASIC.ASM 29 : Found opcode in column 1. (MOVWF)
Warning[203] C:\USERS\WANGA\MPLABXPROJECTS\LAB2.X\BASIC.ASM 30 : Found opcode in column 1. (ADDWF)
Warning[203] C:\USERS\WANGA\MPLABXPROJECTS\LAB2.X\BASIC.ASM 31 : Found opcode in column 1. (MOVWF)
Warning[203] C:\USERS\WANGA\MPLABXPROJECTS\LAB2.X\BASIC.ASM 32 : Found opcode in column 1. (ADDWF)
Warning[203] C:\USERS\WANGA\MPLABXPROJECTS\LAB2.X\BASIC.ASM 33 : Found opcode in column 1. (MOVWF)
Warning[203] C:\USERS\WANGA\MPLABXPROJECTS\LAB2.X\BASIC.ASM 34 : Found opcode in column 1. (ADDWF)
Warning[203] C:\USERS\WANGA\MPLABXPROJECTS\LAB2.X\BASIC.ASM 35 : Found opcode in column 1. (MOVWF)
Warning[203] C:\USERS\WANGA\MPLABXPROJECTS\LAB2.X\BASIC.ASM 36 : Found opcode in column 1. (ADDWF)
Warning[203] C:\USERS\WANGA\MPLABXPROJECTS\LAB2.X\BASIC.ASM 37 : Found opcode in column 1. (MOVWF)
Warning[203] C:\USERS\WANGA\MPLABXPROJECTS\LAB2.X\BASIC.ASM 38 : Found opcode in column 1. (ADDWF)
Warning[203] C:\USERS\WANGA\MPLABXPROJECTS\LAB2.X\BASIC.ASM 39 : Found opcode in column 1. (MOVWF)
Warning[203] C:\USERS\WANGA\MPLABXPROJECTS\LAB2.X\BASIC.ASM 40 : Found opcode in column 1. (ADDWF)
Warning[203] C:\USERS\WANGA\MPLABXPROJECTS\LAB2.X\BASIC.ASM 41 : Found opcode in column 1. (MOVWF)
Warning[205] C:\USERS\WANGA\MPLABXPROJECTS\LAB2.X\BASIC.ASM 42 : Found directive in column 1. (end)
