Warning[205] C:\USERS\WANGA\MPLABXPROJECTS\LAB2.X\BONUS.ASM 1 : Found directive in column 1. (List)
Warning[203] C:\USERS\WANGA\MPLABXPROJECTS\LAB2.X\BONUS.ASM 7 : Found opcode in column 1. (LFSR)
Warning[203] C:\USERS\WANGA\MPLABXPROJECTS\LAB2.X\BONUS.ASM 8 : Found opcode in column 1. (MOVLW)
Warning[203] C:\USERS\WANGA\MPLABXPROJECTS\LAB2.X\BONUS.ASM 9 : Found opcode in column 1. (MOVWF)
Warning[203] C:\USERS\WANGA\MPLABXPROJECTS\LAB2.X\BONUS.ASM 10 : Found opcode in column 1. (MOVLW)
Warning[203] C:\USERS\WANGA\MPLABXPROJECTS\LAB2.X\BONUS.ASM 11 : Found opcode in column 1. (MOVWF)
Warning[203] C:\USERS\WANGA\MPLABXPROJECTS\LAB2.X\BONUS.ASM 12 : Found opcode in column 1. (MOVLW)
Warning[203] C:\USERS\WANGA\MPLABXPROJECTS\LAB2.X\BONUS.ASM 13 : Found opcode in column 1. (MOVWF)
Warning[203] C:\USERS\WANGA\MPLABXPROJECTS\LAB2.X\BONUS.ASM 14 : Found opcode in column 1. (MOVLW)
Warning[203] C:\USERS\WANGA\MPLABXPROJECTS\LAB2.X\BONUS.ASM 15 : Found opcode in column 1. (MOVWF)
Warning[203] C:\USERS\WANGA\MPLABXPROJECTS\LAB2.X\BONUS.ASM 16 : Found opcode in column 1. (MOVLW)
Warning[203] C:\USERS\WANGA\MPLABXPROJECTS\LAB2.X\BONUS.ASM 17 : Found opcode in column 1. (MOVWF)
Warning[203] C:\USERS\WANGA\MPLABXPROJECTS\LAB2.X\BONUS.ASM 18 : Found opcode in column 1. (MOVLW)
Warning[203] C:\USERS\WANGA\MPLABXPROJECTS\LAB2.X\BONUS.ASM 19 : Found opcode in column 1. (MOVWF)
Warning[203] C:\USERS\WANGA\MPLABXPROJECTS\LAB2.X\BONUS.ASM 20 : Found opcode in column 1. (MOVLW)
Warning[203] C:\USERS\WANGA\MPLABXPROJECTS\LAB2.X\BONUS.ASM 21 : Found opcode in column 1. (MOVWF)
Warning[203] C:\USERS\WANGA\MPLABXPROJECTS\LAB2.X\BONUS.ASM 24 : Found opcode in column 1. (MOVLW)
Warning[203] C:\USERS\WANGA\MPLABXPROJECTS\LAB2.X\BONUS.ASM 25 : Found opcode in column 1. (MOVWF)
Warning[203] C:\USERS\WANGA\MPLABXPROJECTS\LAB2.X\BONUS.ASM 26 : Found opcode in column 1. (MOVLW)
Warning[203] C:\USERS\WANGA\MPLABXPROJECTS\LAB2.X\BONUS.ASM 27 : Found opcode in column 1. (MOVWF)
Warning[203] C:\USERS\WANGA\MPLABXPROJECTS\LAB2.X\BONUS.ASM 28 : Found opcode in column 1. (LFSR)
Warning[203] C:\USERS\WANGA\MPLABXPROJECTS\LAB2.X\BONUS.ASM 30 : Found opcode in column 1. (MOVFF)
Warning[203] C:\USERS\WANGA\MPLABXPROJECTS\LAB2.X\BONUS.ASM 31 : Found opcode in column 1. (CPFSGT)
Warning[203] C:\USERS\WANGA\MPLABXPROJECTS\LAB2.X\BONUS.ASM 32 : Found opcode in column 1. (GOTO)
Warning[203] C:\USERS\WANGA\MPLABXPROJECTS\LAB2.X\BONUS.ASM 33 : Found opcode in column 1. (GOTO)
Warning[203] C:\USERS\WANGA\MPLABXPROJECTS\LAB2.X\BONUS.ASM 36 : Found opcode in column 1. (MOVFF)
Warning[203] C:\USERS\WANGA\MPLABXPROJECTS\LAB2.X\BONUS.ASM 37 : Found opcode in column 1. (ADDWF)
Warning[202] C:\USERS\WANGA\MPLABXPROJECTS\LAB2.X\BONUS.ASM 37 : Argument out of range.  Least significant bits used.
Warning[203] C:\USERS\WANGA\MPLABXPROJECTS\LAB2.X\BONUS.ASM 38 : Found opcode in column 1. (RRNCF)
Warning[203] C:\USERS\WANGA\MPLABXPROJECTS\LAB2.X\BONUS.ASM 39 : Found opcode in column 1. (MOVWF)
Warning[203] C:\USERS\WANGA\MPLABXPROJECTS\LAB2.X\BONUS.ASM 40 : Found opcode in column 1. (MOVLW)
Warning[203] C:\USERS\WANGA\MPLABXPROJECTS\LAB2.X\BONUS.ASM 41 : Found opcode in column 1. (ANDWF)
Warning[203] C:\USERS\WANGA\MPLABXPROJECTS\LAB2.X\BONUS.ASM 43 : Found opcode in column 1. (MOVFF)
Warning[203] C:\USERS\WANGA\MPLABXPROJECTS\LAB2.X\BONUS.ASM 44 : Found opcode in column 1. (MOVFF)
Warning[203] C:\USERS\WANGA\MPLABXPROJECTS\LAB2.X\BONUS.ASM 46 : Found opcode in column 1. (MOVLW)
Warning[203] C:\USERS\WANGA\MPLABXPROJECTS\LAB2.X\BONUS.ASM 47 : Found opcode in column 1. (CPFSGT)
Warning[203] C:\USERS\WANGA\MPLABXPROJECTS\LAB2.X\BONUS.ASM 48 : Found opcode in column 1. (GOTO)
Warning[203] C:\USERS\WANGA\MPLABXPROJECTS\LAB2.X\BONUS.ASM 50 : Found opcode in column 1. (MOVFF)
Warning[203] C:\USERS\WANGA\MPLABXPROJECTS\LAB2.X\BONUS.ASM 51 : Found opcode in column 1. (DECF)
Warning[203] C:\USERS\WANGA\MPLABXPROJECTS\LAB2.X\BONUS.ASM 52 : Found opcode in column 1. (BTFSC)
Warning[203] C:\USERS\WANGA\MPLABXPROJECTS\LAB2.X\BONUS.ASM 53 : Found opcode in column 1. (GOTO)
Warning[203] C:\USERS\WANGA\MPLABXPROJECTS\LAB2.X\BONUS.ASM 54 : Found opcode in column 1. (GOTO)
Warning[203] C:\USERS\WANGA\MPLABXPROJECTS\LAB2.X\BONUS.ASM 56 : Found opcode in column 1. (CPFSEQ)
Warning[203] C:\USERS\WANGA\MPLABXPROJECTS\LAB2.X\BONUS.ASM 57 : Found opcode in column 1. (GOTO)
Warning[203] C:\USERS\WANGA\MPLABXPROJECTS\LAB2.X\BONUS.ASM 59 : Found opcode in column 1. (MOVLW)
Warning[203] C:\USERS\WANGA\MPLABXPROJECTS\LAB2.X\BONUS.ASM 60 : Found opcode in column 1. (MOVWF)
Warning[203] C:\USERS\WANGA\MPLABXPROJECTS\LAB2.X\BONUS.ASM 61 : Found opcode in column 1. (GOTO)
Warning[203] C:\USERS\WANGA\MPLABXPROJECTS\LAB2.X\BONUS.ASM 64 : Found opcode in column 1. (MOVFF)
Warning[203] C:\USERS\WANGA\MPLABXPROJECTS\LAB2.X\BONUS.ASM 65 : Found opcode in column 1. (INCF)
Warning[203] C:\USERS\WANGA\MPLABXPROJECTS\LAB2.X\BONUS.ASM 66 : Found opcode in column 1. (GOTO)
Warning[205] C:\USERS\WANGA\MPLABXPROJECTS\LAB2.X\BONUS.ASM 68 : Found directive in column 1. (end)
