Warning[205] C:\USERS\WANGA\MPLABXPROJECTS\LAB2.X\BONUSS.ASM 1 : Found directive in column 1. (List)
Warning[203] C:\USERS\WANGA\MPLABXPROJECTS\LAB2.X\BONUSS.ASM 7 : Found opcode in column 1. (LFSR)
Warning[203] C:\USERS\WANGA\MPLABXPROJECTS\LAB2.X\BONUSS.ASM 8 : Found opcode in column 1. (MOVLW)
Warning[203] C:\USERS\WANGA\MPLABXPROJECTS\LAB2.X\BONUSS.ASM 9 : Found opcode in column 1. (MOVWF)
Warning[203] C:\USERS\WANGA\MPLABXPROJECTS\LAB2.X\BONUSS.ASM 10 : Found opcode in column 1. (MOVLW)
Warning[203] C:\USERS\WANGA\MPLABXPROJECTS\LAB2.X\BONUSS.ASM 11 : Found opcode in column 1. (MOVWF)
Warning[203] C:\USERS\WANGA\MPLABXPROJECTS\LAB2.X\BONUSS.ASM 12 : Found opcode in column 1. (MOVLW)
Warning[203] C:\USERS\WANGA\MPLABXPROJECTS\LAB2.X\BONUSS.ASM 13 : Found opcode in column 1. (MOVWF)
Warning[203] C:\USERS\WANGA\MPLABXPROJECTS\LAB2.X\BONUSS.ASM 14 : Found opcode in column 1. (MOVLW)
Warning[203] C:\USERS\WANGA\MPLABXPROJECTS\LAB2.X\BONUSS.ASM 15 : Found opcode in column 1. (MOVWF)
Warning[203] C:\USERS\WANGA\MPLABXPROJECTS\LAB2.X\BONUSS.ASM 16 : Found opcode in column 1. (MOVLW)
Warning[203] C:\USERS\WANGA\MPLABXPROJECTS\LAB2.X\BONUSS.ASM 17 : Found opcode in column 1. (MOVWF)
Warning[203] C:\USERS\WANGA\MPLABXPROJECTS\LAB2.X\BONUSS.ASM 18 : Found opcode in column 1. (MOVLW)
Warning[203] C:\USERS\WANGA\MPLABXPROJECTS\LAB2.X\BONUSS.ASM 19 : Found opcode in column 1. (MOVWF)
Warning[203] C:\USERS\WANGA\MPLABXPROJECTS\LAB2.X\BONUSS.ASM 20 : Found opcode in column 1. (MOVLW)
Warning[203] C:\USERS\WANGA\MPLABXPROJECTS\LAB2.X\BONUSS.ASM 21 : Found opcode in column 1. (MOVWF)
Warning[203] C:\USERS\WANGA\MPLABXPROJECTS\LAB2.X\BONUSS.ASM 24 : Found opcode in column 1. (MOVLW)
Warning[203] C:\USERS\WANGA\MPLABXPROJECTS\LAB2.X\BONUSS.ASM 25 : Found opcode in column 1. (MOVWF)
Warning[203] C:\USERS\WANGA\MPLABXPROJECTS\LAB2.X\BONUSS.ASM 26 : Found opcode in column 1. (MOVLW)
Warning[203] C:\USERS\WANGA\MPLABXPROJECTS\LAB2.X\BONUSS.ASM 27 : Found opcode in column 1. (MOVWF)
Warning[203] C:\USERS\WANGA\MPLABXPROJECTS\LAB2.X\BONUSS.ASM 28 : Found opcode in column 1. (LFSR)
Warning[203] C:\USERS\WANGA\MPLABXPROJECTS\LAB2.X\BONUSS.ASM 30 : Found opcode in column 1. (MOVFF)
Warning[203] C:\USERS\WANGA\MPLABXPROJECTS\LAB2.X\BONUSS.ASM 31 : Found opcode in column 1. (CPFSGT)
Warning[203] C:\USERS\WANGA\MPLABXPROJECTS\LAB2.X\BONUSS.ASM 32 : Found opcode in column 1. (GOTO)
Warning[203] C:\USERS\WANGA\MPLABXPROJECTS\LAB2.X\BONUSS.ASM 33 : Found opcode in column 1. (GOTO)
Warning[203] C:\USERS\WANGA\MPLABXPROJECTS\LAB2.X\BONUSS.ASM 36 : Found opcode in column 1. (MOVFF)
Warning[203] C:\USERS\WANGA\MPLABXPROJECTS\LAB2.X\BONUSS.ASM 37 : Found opcode in column 1. (ADDWF)
Warning[202] C:\USERS\WANGA\MPLABXPROJECTS\LAB2.X\BONUSS.ASM 37 : Argument out of range.  Least significant bits used.
Warning[203] C:\USERS\WANGA\MPLABXPROJECTS\LAB2.X\BONUSS.ASM 38 : Found opcode in column 1. (RRNCF)
Warning[203] C:\USERS\WANGA\MPLABXPROJECTS\LAB2.X\BONUSS.ASM 39 : Found opcode in column 1. (MOVWF)
Warning[203] C:\USERS\WANGA\MPLABXPROJECTS\LAB2.X\BONUSS.ASM 40 : Found opcode in column 1. (MOVLW)
Warning[203] C:\USERS\WANGA\MPLABXPROJECTS\LAB2.X\BONUSS.ASM 41 : Found opcode in column 1. (ANDWF)
Warning[203] C:\USERS\WANGA\MPLABXPROJECTS\LAB2.X\BONUSS.ASM 43 : Found opcode in column 1. (MOVFF)
Warning[203] C:\USERS\WANGA\MPLABXPROJECTS\LAB2.X\BONUSS.ASM 44 : Found opcode in column 1. (MOVFF)
Warning[203] C:\USERS\WANGA\MPLABXPROJECTS\LAB2.X\BONUSS.ASM 46 : Found opcode in column 1. (MOVLW)
Warning[203] C:\USERS\WANGA\MPLABXPROJECTS\LAB2.X\BONUSS.ASM 47 : Found opcode in column 1. (CPFSGT)
Warning[203] C:\USERS\WANGA\MPLABXPROJECTS\LAB2.X\BONUSS.ASM 48 : Found opcode in column 1. (GOTO)
Warning[203] C:\USERS\WANGA\MPLABXPROJECTS\LAB2.X\BONUSS.ASM 49 : Found opcode in column 1. (MOVFF)
Warning[203] C:\USERS\WANGA\MPLABXPROJECTS\LAB2.X\BONUSS.ASM 50 : Found opcode in column 1. (DECF)
Warning[203] C:\USERS\WANGA\MPLABXPROJECTS\LAB2.X\BONUSS.ASM 51 : Found opcode in column 1. (BTFSC)
Warning[203] C:\USERS\WANGA\MPLABXPROJECTS\LAB2.X\BONUSS.ASM 52 : Found opcode in column 1. (GOTO)
Warning[203] C:\USERS\WANGA\MPLABXPROJECTS\LAB2.X\BONUSS.ASM 53 : Found opcode in column 1. (GOTO)
Warning[203] C:\USERS\WANGA\MPLABXPROJECTS\LAB2.X\BONUSS.ASM 55 : Found opcode in column 1. (CPFSEQ)
Warning[203] C:\USERS\WANGA\MPLABXPROJECTS\LAB2.X\BONUSS.ASM 56 : Found opcode in column 1. (GOTO)
Warning[203] C:\USERS\WANGA\MPLABXPROJECTS\LAB2.X\BONUSS.ASM 57 : Found opcode in column 1. (MOVLW)
Warning[203] C:\USERS\WANGA\MPLABXPROJECTS\LAB2.X\BONUSS.ASM 58 : Found opcode in column 1. (MOVWF)
Warning[203] C:\USERS\WANGA\MPLABXPROJECTS\LAB2.X\BONUSS.ASM 59 : Found opcode in column 1. (GOTO)
Warning[203] C:\USERS\WANGA\MPLABXPROJECTS\LAB2.X\BONUSS.ASM 61 : Found opcode in column 1. (MOVFF)
Warning[203] C:\USERS\WANGA\MPLABXPROJECTS\LAB2.X\BONUSS.ASM 62 : Found opcode in column 1. (INCF)
Warning[203] C:\USERS\WANGA\MPLABXPROJECTS\LAB2.X\BONUSS.ASM 63 : Found opcode in column 1. (GOTO)
Warning[205] C:\USERS\WANGA\MPLABXPROJECTS\LAB2.X\BONUSS.ASM 65 : Found directive in column 1. (end)
