Warning[205] C:\USERS\WANGA\MPLABXPROJECTS\2022.X\1B.ASM 1 : Found directive in column 1. (LIST)
Warning[203] C:\USERS\WANGA\MPLABXPROJECTS\2022.X\1B.ASM 7 : Found opcode in column 1. (CLRF)
Warning[203] C:\USERS\WANGA\MPLABXPROJECTS\2022.X\1B.ASM 8 : Found opcode in column 1. (CLRF)
Warning[203] C:\USERS\WANGA\MPLABXPROJECTS\2022.X\1B.ASM 9 : Found opcode in column 1. (MOVLW)
Warning[203] C:\USERS\WANGA\MPLABXPROJECTS\2022.X\1B.ASM 10 : Found opcode in column 1. (MOVWF)
Warning[203] C:\USERS\WANGA\MPLABXPROJECTS\2022.X\1B.ASM 11 : Found opcode in column 1. (RLCF)
Warning[203] C:\USERS\WANGA\MPLABXPROJECTS\2022.X\1B.ASM 12 : Found opcode in column 1. (RLCF)
Warning[203] C:\USERS\WANGA\MPLABXPROJECTS\2022.X\1B.ASM 13 : Found opcode in column 1. (RLCF)
Warning[203] C:\USERS\WANGA\MPLABXPROJECTS\2022.X\1B.ASM 14 : Found opcode in column 1. (RLCF)
Warning[203] C:\USERS\WANGA\MPLABXPROJECTS\2022.X\1B.ASM 15 : Found opcode in column 1. (RLCF)
Warning[203] C:\USERS\WANGA\MPLABXPROJECTS\2022.X\1B.ASM 16 : Found opcode in column 1. (RLCF)
Warning[203] C:\USERS\WANGA\MPLABXPROJECTS\2022.X\1B.ASM 17 : Found opcode in column 1. (RLCF)
Warning[203] C:\USERS\WANGA\MPLABXPROJECTS\2022.X\1B.ASM 18 : Found opcode in column 1. (RLCF)
Warning[203] C:\USERS\WANGA\MPLABXPROJECTS\2022.X\1B.ASM 19 : Found opcode in column 1. (RLCF)
Warning[203] C:\USERS\WANGA\MPLABXPROJECTS\2022.X\1B.ASM 20 : Found opcode in column 1. (RLCF)
Warning[203] C:\USERS\WANGA\MPLABXPROJECTS\2022.X\1B.ASM 21 : Found opcode in column 1. (RLCF)
Warning[203] C:\USERS\WANGA\MPLABXPROJECTS\2022.X\1B.ASM 22 : Found opcode in column 1. (RLCF)
Warning[203] C:\USERS\WANGA\MPLABXPROJECTS\2022.X\1B.ASM 23 : Found opcode in column 1. (RLCF)
Warning[203] C:\USERS\WANGA\MPLABXPROJECTS\2022.X\1B.ASM 24 : Found opcode in column 1. (RLCF)
Warning[203] C:\USERS\WANGA\MPLABXPROJECTS\2022.X\1B.ASM 25 : Found opcode in column 1. (RLCF)
Warning[203] C:\USERS\WANGA\MPLABXPROJECTS\2022.X\1B.ASM 26 : Found opcode in column 1. (RLCF)
Warning[203] C:\USERS\WANGA\MPLABXPROJECTS\2022.X\1B.ASM 27 : Found opcode in column 1. (MOVFF)
Warning[203] C:\USERS\WANGA\MPLABXPROJECTS\2022.X\1B.ASM 28 : Found opcode in column 1. (MULWF)
Warning[203] C:\USERS\WANGA\MPLABXPROJECTS\2022.X\1B.ASM 29 : Found opcode in column 1. (MOVFF)
Warning[205] C:\USERS\WANGA\MPLABXPROJECTS\2022.X\1B.ASM 30 : Found directive in column 1. (end)
