Warning[205] C:\USERS\WANGA\MPLABXPROJECTS\2022.X\2B.ASM 1 : Found directive in column 1. (LIST)
Warning[205] C:\USERS\WANGA\MPLABXPROJECTS\2022.X\2B.ASM 22 : Found directive in column 1. (endm)
Warning[203] C:\USERS\WANGA\MPLABXPROJECTS\2022.X\2B.ASM 24 : Found opcode in column 1. (MOVLB)
Warning[206] C:\USERS\WANGA\MPLABXPROJECTS\2022.X\2B.ASM 25 : Found call to macro in column 1. (LIST_INIT)
Warning[203] C:\USERS\WANGA\MPLABXPROJECTS\2022.X\2B.ASM 8 : Found opcode in column 1. (MOVLW)
Warning[203] C:\USERS\WANGA\MPLABXPROJECTS\2022.X\2B.ASM 9 : Found opcode in column 1. (MOVWF)
Warning[203] C:\USERS\WANGA\MPLABXPROJECTS\2022.X\2B.ASM 10 : Found opcode in column 1. (MOVLW)
Warning[203] C:\USERS\WANGA\MPLABXPROJECTS\2022.X\2B.ASM 11 : Found opcode in column 1. (MOVWF)
Warning[203] C:\USERS\WANGA\MPLABXPROJECTS\2022.X\2B.ASM 12 : Found opcode in column 1. (MOVLW)
Warning[203] C:\USERS\WANGA\MPLABXPROJECTS\2022.X\2B.ASM 13 : Found opcode in column 1. (MOVWF)
Warning[203] C:\USERS\WANGA\MPLABXPROJECTS\2022.X\2B.ASM 14 : Found opcode in column 1. (MOVLW)
Warning[203] C:\USERS\WANGA\MPLABXPROJECTS\2022.X\2B.ASM 15 : Found opcode in column 1. (MOVWF)
Warning[203] C:\USERS\WANGA\MPLABXPROJECTS\2022.X\2B.ASM 16 : Found opcode in column 1. (MOVLW)
Warning[203] C:\USERS\WANGA\MPLABXPROJECTS\2022.X\2B.ASM 17 : Found opcode in column 1. (MOVWF)
Warning[203] C:\USERS\WANGA\MPLABXPROJECTS\2022.X\2B.ASM 18 : Found opcode in column 1. (MOVLW)
Warning[203] C:\USERS\WANGA\MPLABXPROJECTS\2022.X\2B.ASM 19 : Found opcode in column 1. (MOVWF)
Warning[203] C:\USERS\WANGA\MPLABXPROJECTS\2022.X\2B.ASM 20 : Found opcode in column 1. (MOVLW)
Warning[203] C:\USERS\WANGA\MPLABXPROJECTS\2022.X\2B.ASM 21 : Found opcode in column 1. (MOVWF)
Warning[203] C:\USERS\WANGA\MPLABXPROJECTS\2022.X\2B.ASM 26 : Found opcode in column 1. (CALL)
Warning[203] C:\USERS\WANGA\MPLABXPROJECTS\2022.X\2B.ASM 27 : Found opcode in column 1. (GOTO)
Warning[203] C:\USERS\WANGA\MPLABXPROJECTS\2022.X\2B.ASM 29 : Found opcode in column 1. (MOVLB)
Warning[203] C:\USERS\WANGA\MPLABXPROJECTS\2022.X\2B.ASM 30 : Found opcode in column 1. (LFSR)
Warning[203] C:\USERS\WANGA\MPLABXPROJECTS\2022.X\2B.ASM 31 : Found opcode in column 1. (LFSR)
Warning[203] C:\USERS\WANGA\MPLABXPROJECTS\2022.X\2B.ASM 32 : Found opcode in column 1. (LFSR)
Warning[203] C:\USERS\WANGA\MPLABXPROJECTS\2022.X\2B.ASM 33 : Found opcode in column 1. (MOVLW)
Warning[203] C:\USERS\WANGA\MPLABXPROJECTS\2022.X\2B.ASM 34 : Found opcode in column 1. (MOVWF)
Warning[203] C:\USERS\WANGA\MPLABXPROJECTS\2022.X\2B.ASM 35 : Found opcode in column 1. (CLRF)
Warning[203] C:\USERS\WANGA\MPLABXPROJECTS\2022.X\2B.ASM 37 : Found opcode in column 1. (MOVFF)
Warning[203] C:\USERS\WANGA\MPLABXPROJECTS\2022.X\2B.ASM 38 : Found opcode in column 1. (CPFSGT)
Warning[203] C:\USERS\WANGA\MPLABXPROJECTS\2022.X\2B.ASM 39 : Found opcode in column 1. (GOTO)
Warning[203] C:\USERS\WANGA\MPLABXPROJECTS\2022.X\2B.ASM 40 : Found opcode in column 1. (MOVFF)
Warning[203] C:\USERS\WANGA\MPLABXPROJECTS\2022.X\2B.ASM 41 : Found opcode in column 1. (CPFSGT)
Warning[203] C:\USERS\WANGA\MPLABXPROJECTS\2022.X\2B.ASM 42 : Found opcode in column 1. (GOTO)
Warning[203] C:\USERS\WANGA\MPLABXPROJECTS\2022.X\2B.ASM 43 : Found opcode in column 1. (INCF)
Warning[203] C:\USERS\WANGA\MPLABXPROJECTS\2022.X\2B.ASM 45 : Found opcode in column 1. (MOVFF)
Warning[203] C:\USERS\WANGA\MPLABXPROJECTS\2022.X\2B.ASM 46 : Found opcode in column 1. (MOVFF)
Warning[203] C:\USERS\WANGA\MPLABXPROJECTS\2022.X\2B.ASM 47 : Found opcode in column 1. (MOVFF)
Warning[203] C:\USERS\WANGA\MPLABXPROJECTS\2022.X\2B.ASM 48 : Found opcode in column 1. (DECFSZ)
Warning[203] C:\USERS\WANGA\MPLABXPROJECTS\2022.X\2B.ASM 49 : Found opcode in column 1. (GOTO)
Warning[203] C:\USERS\WANGA\MPLABXPROJECTS\2022.X\2B.ASM 50 : Found opcode in column 1. (MOVLW)
Warning[203] C:\USERS\WANGA\MPLABXPROJECTS\2022.X\2B.ASM 51 : Found opcode in column 1. (CPFSEQ)
Warning[203] C:\USERS\WANGA\MPLABXPROJECTS\2022.X\2B.ASM 52 : Found opcode in column 1. (MOVLW)
Warning[203] C:\USERS\WANGA\MPLABXPROJECTS\2022.X\2B.ASM 53 : Found opcode in column 1. (GOTO)
Warning[203] C:\USERS\WANGA\MPLABXPROJECTS\2022.X\2B.ASM 54 : Found opcode in column 1. (MOVLW)
Warning[203] C:\USERS\WANGA\MPLABXPROJECTS\2022.X\2B.ASM 56 : Found opcode in column 1. (MOVWF)
Warning[203] C:\USERS\WANGA\MPLABXPROJECTS\2022.X\2B.ASM 57 : Found opcode in column 1. (RETURN)
Warning[205] C:\USERS\WANGA\MPLABXPROJECTS\2022.X\2B.ASM 59 : Found directive in column 1. (end)
