Warning[205] C:\USERS\WANGA\MPLABXPROJECTS\2022.X\3B.ASM 1 : Found directive in column 1. (List)
Warning[205] C:\USERS\WANGA\MPLABXPROJECTS\2022.X\3B.ASM 139 : Found directive in column 1. (endm)
Warning[206] C:\USERS\WANGA\MPLABXPROJECTS\2022.X\3B.ASM 141 : Found call to macro in column 1. (mul_16)
Warning[203] C:\USERS\WANGA\MPLABXPROJECTS\2022.X\3B.ASM 7 : Found opcode in column 1. (MOVLW)
Warning[203] C:\USERS\WANGA\MPLABXPROJECTS\2022.X\3B.ASM 8 : Found opcode in column 1. (MOVWF)
Warning[203] C:\USERS\WANGA\MPLABXPROJECTS\2022.X\3B.ASM 9 : Found opcode in column 1. (MOVWF)
Warning[203] C:\USERS\WANGA\MPLABXPROJECTS\2022.X\3B.ASM 10 : Found opcode in column 1. (MOVLW)
Warning[203] C:\USERS\WANGA\MPLABXPROJECTS\2022.X\3B.ASM 11 : Found opcode in column 1. (MOVWF)
Warning[203] C:\USERS\WANGA\MPLABXPROJECTS\2022.X\3B.ASM 12 : Found opcode in column 1. (MOVWF)
Warning[203] C:\USERS\WANGA\MPLABXPROJECTS\2022.X\3B.ASM 13 : Found opcode in column 1. (MOVLW)
Warning[203] C:\USERS\WANGA\MPLABXPROJECTS\2022.X\3B.ASM 14 : Found opcode in column 1. (MOVWF)
Warning[203] C:\USERS\WANGA\MPLABXPROJECTS\2022.X\3B.ASM 15 : Found opcode in column 1. (MOVWF)
Warning[203] C:\USERS\WANGA\MPLABXPROJECTS\2022.X\3B.ASM 16 : Found opcode in column 1. (MOVLW)
Warning[203] C:\USERS\WANGA\MPLABXPROJECTS\2022.X\3B.ASM 17 : Found opcode in column 1. (MOVWF)
Warning[203] C:\USERS\WANGA\MPLABXPROJECTS\2022.X\3B.ASM 18 : Found opcode in column 1. (MOVWF)
Warning[203] C:\USERS\WANGA\MPLABXPROJECTS\2022.X\3B.ASM 19 : Found opcode in column 1. (MOVLW)
Warning[203] C:\USERS\WANGA\MPLABXPROJECTS\2022.X\3B.ASM 20 : Found opcode in column 1. (MOVWF)
Warning[203] C:\USERS\WANGA\MPLABXPROJECTS\2022.X\3B.ASM 21 : Found opcode in column 1. (MOVWF)
Warning[203] C:\USERS\WANGA\MPLABXPROJECTS\2022.X\3B.ASM 22 : Found opcode in column 1. (MOVWF)
Warning[203] C:\USERS\WANGA\MPLABXPROJECTS\2022.X\3B.ASM 23 : Found opcode in column 1. (MOVWF)
Warning[203] C:\USERS\WANGA\MPLABXPROJECTS\2022.X\3B.ASM 24 : Found opcode in column 1. (MOVWF)
Warning[203] C:\USERS\WANGA\MPLABXPROJECTS\2022.X\3B.ASM 25 : Found opcode in column 1. (MOVWF)
Warning[203] C:\USERS\WANGA\MPLABXPROJECTS\2022.X\3B.ASM 26 : Found opcode in column 1. (MOVLW)
Warning[203] C:\USERS\WANGA\MPLABXPROJECTS\2022.X\3B.ASM 27 : Found opcode in column 1. (MOVWF)
Warning[203] C:\USERS\WANGA\MPLABXPROJECTS\2022.X\3B.ASM 29 : Found opcode in column 1. (BTFSC)
Warning[203] C:\USERS\WANGA\MPLABXPROJECTS\2022.X\3B.ASM 30 : Found opcode in column 1. (GOTO)
Warning[203] C:\USERS\WANGA\MPLABXPROJECTS\2022.X\3B.ASM 31 : Found opcode in column 1. (GOTO)
Warning[203] C:\USERS\WANGA\MPLABXPROJECTS\2022.X\3B.ASM 33 : Found opcode in column 1. (MOVFF)
Warning[203] C:\USERS\WANGA\MPLABXPROJECTS\2022.X\3B.ASM 34 : Found opcode in column 1. (ADDWF)
Warning[203] C:\USERS\WANGA\MPLABXPROJECTS\2022.X\3B.ASM 35 : Found opcode in column 1. (BTFSC)
Warning[203] C:\USERS\WANGA\MPLABXPROJECTS\2022.X\3B.ASM 36 : Found opcode in column 1. (GOTO)
Warning[203] C:\USERS\WANGA\MPLABXPROJECTS\2022.X\3B.ASM 37 : Found opcode in column 1. (GOTO)
Warning[203] C:\USERS\WANGA\MPLABXPROJECTS\2022.X\3B.ASM 39 : Found opcode in column 1. (INCF)
Warning[203] C:\USERS\WANGA\MPLABXPROJECTS\2022.X\3B.ASM 40 : Found opcode in column 1. (BTFSC)
Warning[203] C:\USERS\WANGA\MPLABXPROJECTS\2022.X\3B.ASM 41 : Found opcode in column 1. (GOTO)
Warning[203] C:\USERS\WANGA\MPLABXPROJECTS\2022.X\3B.ASM 42 : Found opcode in column 1. (GOTO)
Warning[203] C:\USERS\WANGA\MPLABXPROJECTS\2022.X\3B.ASM 44 : Found opcode in column 1. (INCF)
Warning[203] C:\USERS\WANGA\MPLABXPROJECTS\2022.X\3B.ASM 45 : Found opcode in column 1. (BTFSC)
Warning[203] C:\USERS\WANGA\MPLABXPROJECTS\2022.X\3B.ASM 46 : Found opcode in column 1. (GOTO)
Warning[203] C:\USERS\WANGA\MPLABXPROJECTS\2022.X\3B.ASM 47 : Found opcode in column 1. (GOTO)
Warning[203] C:\USERS\WANGA\MPLABXPROJECTS\2022.X\3B.ASM 49 : Found opcode in column 1. (INCF)
Warning[203] C:\USERS\WANGA\MPLABXPROJECTS\2022.X\3B.ASM 50 : Found opcode in column 1. (GOTO)
Warning[203] C:\USERS\WANGA\MPLABXPROJECTS\2022.X\3B.ASM 52 : Found opcode in column 1. (MOVFF)
Warning[203] C:\USERS\WANGA\MPLABXPROJECTS\2022.X\3B.ASM 53 : Found opcode in column 1. (ADDWF)
Warning[203] C:\USERS\WANGA\MPLABXPROJECTS\2022.X\3B.ASM 54 : Found opcode in column 1. (BTFSC)
Warning[203] C:\USERS\WANGA\MPLABXPROJECTS\2022.X\3B.ASM 55 : Found opcode in column 1. (GOTO)
Warning[203] C:\USERS\WANGA\MPLABXPROJECTS\2022.X\3B.ASM 56 : Found opcode in column 1. (GOTO)
Warning[203] C:\USERS\WANGA\MPLABXPROJECTS\2022.X\3B.ASM 58 : Found opcode in column 1. (INCF)
Warning[203] C:\USERS\WANGA\MPLABXPROJECTS\2022.X\3B.ASM 59 : Found opcode in column 1. (BTFSC)
Warning[203] C:\USERS\WANGA\MPLABXPROJECTS\2022.X\3B.ASM 60 : Found opcode in column 1. (GOTO)
Warning[203] C:\USERS\WANGA\MPLABXPROJECTS\2022.X\3B.ASM 61 : Found opcode in column 1. (GOTO)
Warning[203] C:\USERS\WANGA\MPLABXPROJECTS\2022.X\3B.ASM 63 : Found opcode in column 1. (INCF)
Warning[203] C:\USERS\WANGA\MPLABXPROJECTS\2022.X\3B.ASM 64 : Found opcode in column 1. (GOTO)
Warning[203] C:\USERS\WANGA\MPLABXPROJECTS\2022.X\3B.ASM 66 : Found opcode in column 1. (MOVFF)
Warning[203] C:\USERS\WANGA\MPLABXPROJECTS\2022.X\3B.ASM 67 : Found opcode in column 1. (ADDWF)
Warning[203] C:\USERS\WANGA\MPLABXPROJECTS\2022.X\3B.ASM 68 : Found opcode in column 1. (BTFSC)
Warning[203] C:\USERS\WANGA\MPLABXPROJECTS\2022.X\3B.ASM 69 : Found opcode in column 1. (GOTO)
Warning[203] C:\USERS\WANGA\MPLABXPROJECTS\2022.X\3B.ASM 70 : Found opcode in column 1. (GOTO)
Warning[203] C:\USERS\WANGA\MPLABXPROJECTS\2022.X\3B.ASM 72 : Found opcode in column 1. (INCF)
Warning[203] C:\USERS\WANGA\MPLABXPROJECTS\2022.X\3B.ASM 73 : Found opcode in column 1. (GOTO)
Warning[203] C:\USERS\WANGA\MPLABXPROJECTS\2022.X\3B.ASM 75 : Found opcode in column 1. (MOVFF)
Warning[203] C:\USERS\WANGA\MPLABXPROJECTS\2022.X\3B.ASM 76 : Found opcode in column 1. (ADDWF)
Warning[203] C:\USERS\WANGA\MPLABXPROJECTS\2022.X\3B.ASM 77 : Found opcode in column 1. (GOTO)
Warning[203] C:\USERS\WANGA\MPLABXPROJECTS\2022.X\3B.ASM 79 : Found opcode in column 1. (RLNCF)
Warning[203] C:\USERS\WANGA\MPLABXPROJECTS\2022.X\3B.ASM 80 : Found opcode in column 1. (BTFSC)
Warning[203] C:\USERS\WANGA\MPLABXPROJECTS\2022.X\3B.ASM 81 : Found opcode in column 1. (GOTO)
Warning[203] C:\USERS\WANGA\MPLABXPROJECTS\2022.X\3B.ASM 82 : Found opcode in column 1. (GOTO)
Warning[203] C:\USERS\WANGA\MPLABXPROJECTS\2022.X\3B.ASM 84 : Found opcode in column 1. (MOVLW)
Warning[203] C:\USERS\WANGA\MPLABXPROJECTS\2022.X\3B.ASM 85 : Found opcode in column 1. (IORWF)
Warning[203] C:\USERS\WANGA\MPLABXPROJECTS\2022.X\3B.ASM 86 : Found opcode in column 1. (GOTO)
Warning[203] C:\USERS\WANGA\MPLABXPROJECTS\2022.X\3B.ASM 88 : Found opcode in column 1. (MOVLW)
Warning[203] C:\USERS\WANGA\MPLABXPROJECTS\2022.X\3B.ASM 89 : Found opcode in column 1. (ANDWF)
Warning[203] C:\USERS\WANGA\MPLABXPROJECTS\2022.X\3B.ASM 90 : Found opcode in column 1. (GOTO)
Warning[203] C:\USERS\WANGA\MPLABXPROJECTS\2022.X\3B.ASM 92 : Found opcode in column 1. (RLNCF)
Warning[203] C:\USERS\WANGA\MPLABXPROJECTS\2022.X\3B.ASM 93 : Found opcode in column 1. (BTFSC)
Warning[203] C:\USERS\WANGA\MPLABXPROJECTS\2022.X\3B.ASM 94 : Found opcode in column 1. (GOTO)
Warning[203] C:\USERS\WANGA\MPLABXPROJECTS\2022.X\3B.ASM 95 : Found opcode in column 1. (GOTO)
Warning[203] C:\USERS\WANGA\MPLABXPROJECTS\2022.X\3B.ASM 97 : Found opcode in column 1. (MOVLW)
Warning[203] C:\USERS\WANGA\MPLABXPROJECTS\2022.X\3B.ASM 98 : Found opcode in column 1. (IORWF)
Warning[203] C:\USERS\WANGA\MPLABXPROJECTS\2022.X\3B.ASM 99 : Found opcode in column 1. (GOTO)
Warning[203] C:\USERS\WANGA\MPLABXPROJECTS\2022.X\3B.ASM 101 : Found opcode in column 1. (MOVLW)
Warning[203] C:\USERS\WANGA\MPLABXPROJECTS\2022.X\3B.ASM 102 : Found opcode in column 1. (ANDWF)
Warning[203] C:\USERS\WANGA\MPLABXPROJECTS\2022.X\3B.ASM 103 : Found opcode in column 1. (GOTO)
Warning[203] C:\USERS\WANGA\MPLABXPROJECTS\2022.X\3B.ASM 105 : Found opcode in column 1. (RLNCF)
Warning[203] C:\USERS\WANGA\MPLABXPROJECTS\2022.X\3B.ASM 106 : Found opcode in column 1. (BTFSC)
Warning[203] C:\USERS\WANGA\MPLABXPROJECTS\2022.X\3B.ASM 107 : Found opcode in column 1. (GOTO)
Warning[203] C:\USERS\WANGA\MPLABXPROJECTS\2022.X\3B.ASM 108 : Found opcode in column 1. (GOTO)
Warning[203] C:\USERS\WANGA\MPLABXPROJECTS\2022.X\3B.ASM 110 : Found opcode in column 1. (MOVLW)
Warning[203] C:\USERS\WANGA\MPLABXPROJECTS\2022.X\3B.ASM 111 : Found opcode in column 1. (IORWF)
Warning[203] C:\USERS\WANGA\MPLABXPROJECTS\2022.X\3B.ASM 112 : Found opcode in column 1. (GOTO)
Warning[203] C:\USERS\WANGA\MPLABXPROJECTS\2022.X\3B.ASM 114 : Found opcode in column 1. (MOVLW)
Warning[203] C:\USERS\WANGA\MPLABXPROJECTS\2022.X\3B.ASM 115 : Found opcode in column 1. (ANDWF)
Warning[203] C:\USERS\WANGA\MPLABXPROJECTS\2022.X\3B.ASM 116 : Found opcode in column 1. (GOTO)
Warning[203] C:\USERS\WANGA\MPLABXPROJECTS\2022.X\3B.ASM 118 : Found opcode in column 1. (RLNCF)
Warning[203] C:\USERS\WANGA\MPLABXPROJECTS\2022.X\3B.ASM 119 : Found opcode in column 1. (BCF)
Warning[203] C:\USERS\WANGA\MPLABXPROJECTS\2022.X\3B.ASM 120 : Found opcode in column 1. (GOTO)
Warning[203] C:\USERS\WANGA\MPLABXPROJECTS\2022.X\3B.ASM 122 : Found opcode in column 1. (RRNCF)
Warning[203] C:\USERS\WANGA\MPLABXPROJECTS\2022.X\3B.ASM 123 : Found opcode in column 1. (BTFSC)
Warning[203] C:\USERS\WANGA\MPLABXPROJECTS\2022.X\3B.ASM 124 : Found opcode in column 1. (GOTO)
Warning[203] C:\USERS\WANGA\MPLABXPROJECTS\2022.X\3B.ASM 125 : Found opcode in column 1. (GOTO)
Warning[203] C:\USERS\WANGA\MPLABXPROJECTS\2022.X\3B.ASM 127 : Found opcode in column 1. (MOVLW)
Warning[203] C:\USERS\WANGA\MPLABXPROJECTS\2022.X\3B.ASM 128 : Found opcode in column 1. (IORWF)
Warning[203] C:\USERS\WANGA\MPLABXPROJECTS\2022.X\3B.ASM 129 : Found opcode in column 1. (GOTO)
Warning[203] C:\USERS\WANGA\MPLABXPROJECTS\2022.X\3B.ASM 131 : Found opcode in column 1. (MOVLW)
Warning[203] C:\USERS\WANGA\MPLABXPROJECTS\2022.X\3B.ASM 132 : Found opcode in column 1. (ANDWF)
Warning[203] C:\USERS\WANGA\MPLABXPROJECTS\2022.X\3B.ASM 133 : Found opcode in column 1. (GOTO)
Warning[203] C:\USERS\WANGA\MPLABXPROJECTS\2022.X\3B.ASM 135 : Found opcode in column 1. (RRNCF)
Warning[203] C:\USERS\WANGA\MPLABXPROJECTS\2022.X\3B.ASM 136 : Found opcode in column 1. (BCF)
Warning[203] C:\USERS\WANGA\MPLABXPROJECTS\2022.X\3B.ASM 137 : Found opcode in column 1. (DECFSZ)
Warning[203] C:\USERS\WANGA\MPLABXPROJECTS\2022.X\3B.ASM 138 : Found opcode in column 1. (GOTO)
Warning[203] C:\USERS\WANGA\MPLABXPROJECTS\2022.X\3B.ASM 142 : Found opcode in column 1. (MOVFF)
Warning[203] C:\USERS\WANGA\MPLABXPROJECTS\2022.X\3B.ASM 143 : Found opcode in column 1. (MOVFF)
Warning[205] C:\USERS\WANGA\MPLABXPROJECTS\2022.X\3B.ASM 144 : Found directive in column 1. (end)
