MPASM 5.84                            3B.ASM   11-14-2024  9:29:24         PAGE  1


LOC  OBJECT CODE     LINE SOURCE TEXT
  VALUE

Warning[205]: Found directive in column 1. (List)
                      00001 List p=18f4520 
                      00002     #include<p18f4520.inc>
                      00001         LIST
                      00002 
                      00003 ;==========================================================================
                      00004 ; Build date : Mar 17 2019
                      00005 ;  MPASM PIC18F4520 processor include
                      00006 ; 
                      00007 ;  (c) Copyright 1999-2019 Microchip Technology, All rights reserved
                      00008 ;==========================================================================
                      00009 
                      01489         LIST
                      00003     CONFIG OSC = INTIO67
                      00004     CONFIG WDT = OFF
                      00005     org 0x00
                      00006 mul_16 macro nh,nl,mh,ml ;put ans to 20 21 22 23
                      00007 MOVLW nh;test
                      00008 MOVWF    0x000
                      00009 MOVWF    0x008  
                      00010 MOVLW nl;test
                      00011 MOVWF    0x001
                      00012 MOVWF    0x009  
                      00013 MOVLW mh;test
                      00014 MOVWF    0x010
                      00015 MOVWF    0x018  
                      00016 MOVLW ml;test
                      00017 MOVWF    0x011
                      00018 MOVWF    0x019
                      00019 MOVLW 0x00
                      00020 MOVWF    0x006
                      00021 MOVWF    0x007
                      00022 MOVWF    0x020
                      00023 MOVWF    0x021
                      00024 MOVWF    0x022
                      00025 MOVWF    0x023
                      00026 MOVLW 0x10
                      00027 MOVWF    0x024  
                      00028 start:
                      00029 BTFSC 0x019,0
                      00030 GOTO isone
                      00031 GOTO move1
                      00032 isone:
                      00033 MOVFF 0x009,WREG
                      00034 ADDWF 0x023
                      00035 BTFSC STATUS,0
                      00036 GOTO carry1
                      00037 GOTO add08to22    
                      00038 carry1:
                      00039 INCF 0x022
                      00040 BTFSC STATUS,0
                      00041 GOTO carry2
                      00042 GOTO add08to22      
MPASM 5.84                            3B.ASM   11-14-2024  9:29:24         PAGE  2


LOC  OBJECT CODE     LINE SOURCE TEXT
  VALUE

                      00043 carry2:
                      00044 INCF 0x021
                      00045 BTFSC STATUS,0
                      00046 GOTO carry3
                      00047 GOTO add08to22
                      00048 carry3:
                      00049 INCF 0x020    
                      00050 GOTO add08to22
                      00051 add08to22:
                      00052 MOVFF 0x008,WREG
                      00053 ADDWF 0x022
                      00054 BTFSC STATUS,0
                      00055 GOTO carry4
                      00056 GOTO add07to21    
                      00057 carry4:
                      00058 INCF 0x021
                      00059 BTFSC STATUS,0
                      00060 GOTO carry5
                      00061 GOTO add07to21      
                      00062 carry5:
                      00063 INCF 0x020
                      00064 GOTO add07to21
                      00065 add07to21:
                      00066 MOVFF 0x007,WREG
                      00067 ADDWF 0x021
                      00068 BTFSC STATUS,0
                      00069 GOTO carry6
                      00070 GOTO add06to20
                      00071 carry6:
                      00072 INCF 0x020
                      00073 GOTO add06to20
                      00074 add06to20:
                      00075 MOVFF 0x006,WREG
                      00076 ADDWF 0x020
                      00077 GOTO move1
                      00078 move1:
                      00079 RLNCF 0x006
                      00080 BTFSC 0x007,7
                      00081 GOTO aaaa
                      00082 GOTO bbbb
                      00083 aaaa:    
                      00084 MOVLW b'00000001'
                      00085 IORWF 0x006
                      00086 GOTO move2    
                      00087 bbbb:
                      00088 MOVLW b'11111110'
                      00089 ANDWF 0x006
                      00090 GOTO move2 
                      00091 move2:
                      00092 RLNCF 0x007
                      00093 BTFSC 0x008,7
                      00094 GOTO cccc
                      00095 GOTO dddd
MPASM 5.84                            3B.ASM   11-14-2024  9:29:24         PAGE  3


LOC  OBJECT CODE     LINE SOURCE TEXT
  VALUE

                      00096 cccc:    
                      00097 MOVLW b'00000001'
                      00098 IORWF 0x007
                      00099 GOTO move3    
                      00100 dddd:
                      00101 MOVLW b'11111110'
                      00102 ANDWF 0x007
                      00103 GOTO move3   
                      00104 move3:
                      00105 RLNCF 0x008
                      00106 BTFSC 0x009,7
                      00107 GOTO eeee
                      00108 GOTO ffff
                      00109 eeee:    
                      00110 MOVLW b'00000001'
                      00111 IORWF 0x008
                      00112 GOTO move4    
                      00113 ffff:
                      00114 MOVLW b'11111110'
                      00115 ANDWF 0x008
                      00116 GOTO move4
                      00117 move4:
                      00118 RLNCF 0x009
                      00119 BCF 0x009,0
                      00120 GOTO move5
                      00121 move5:
                      00122 RRNCF 0x019
                      00123 BTFSC 0x018,0
                      00124 GOTO gggg
                      00125 GOTO hhhh
                      00126 gggg:
                      00127 MOVLW b'10000000'
                      00128 IORWF 0x019 
                      00129 GOTO move6
                      00130 hhhh:
                      00131 MOVLW b'01111111'
                      00132 ANDWF 0x019
                      00133 GOTO move6
                      00134 move6:
                      00135 RRNCF 0x018
                      00136 BCF 0x018,7
                      00137 DECFSZ 0x024    
                      00138 GOTO start
Warning[205]: Found directive in column 1. (endm)
                      00139 endm   
                      00140     
Warning[206]: Found call to macro in column 1. (mul_16)
                      00141 mul_16 0x01,0x11,0x00,0x07
Warning[203]: Found opcode in column 1. (MOVLW)
000000 0E01               M MOVLW 0x01;test
Warning[203]: Found opcode in column 1. (MOVWF)
000002 6E00               M MOVWF    0x000
Warning[203]: Found opcode in column 1. (MOVWF)
MPASM 5.84                            3B.ASM   11-14-2024  9:29:24         PAGE  4


LOC  OBJECT CODE     LINE SOURCE TEXT
  VALUE

000004 6E08               M MOVWF    0x008  
Warning[203]: Found opcode in column 1. (MOVLW)
000006 0E11               M MOVLW 0x11;test
Warning[203]: Found opcode in column 1. (MOVWF)
000008 6E01               M MOVWF    0x001
Warning[203]: Found opcode in column 1. (MOVWF)
00000A 6E09               M MOVWF    0x009  
Warning[203]: Found opcode in column 1. (MOVLW)
00000C 0E00               M MOVLW 0x00;test
Warning[203]: Found opcode in column 1. (MOVWF)
00000E 6E10               M MOVWF    0x010
Warning[203]: Found opcode in column 1. (MOVWF)
000010 6E18               M MOVWF    0x018  
Warning[203]: Found opcode in column 1. (MOVLW)
000012 0E07               M MOVLW 0x07;test
Warning[203]: Found opcode in column 1. (MOVWF)
000014 6E11               M MOVWF    0x011
Warning[203]: Found opcode in column 1. (MOVWF)
000016 6E19               M MOVWF    0x019
Warning[203]: Found opcode in column 1. (MOVLW)
000018 0E00               M MOVLW 0x00
Warning[203]: Found opcode in column 1. (MOVWF)
00001A 6E06               M MOVWF    0x006
Warning[203]: Found opcode in column 1. (MOVWF)
00001C 6E07               M MOVWF    0x007
Warning[203]: Found opcode in column 1. (MOVWF)
00001E 6E20               M MOVWF    0x020
Warning[203]: Found opcode in column 1. (MOVWF)
000020 6E21               M MOVWF    0x021
Warning[203]: Found opcode in column 1. (MOVWF)
000022 6E22               M MOVWF    0x022
Warning[203]: Found opcode in column 1. (MOVWF)
000024 6E23               M MOVWF    0x023
Warning[203]: Found opcode in column 1. (MOVLW)
000026 0E10               M MOVLW 0x10
Warning[203]: Found opcode in column 1. (MOVWF)
000028 6E24               M MOVWF    0x024  
00002A                    M start:
Warning[203]: Found opcode in column 1. (BTFSC)
00002A B019               M BTFSC 0x019,0
Warning[203]: Found opcode in column 1. (GOTO)
00002C EF?? F???          M GOTO isone
Warning[203]: Found opcode in column 1. (GOTO)
000030 EF?? F???          M GOTO move1
000034                    M isone:
Warning[203]: Found opcode in column 1. (MOVFF)
000034 C009 FFE8          M MOVFF 0x009,WREG
Warning[203]: Found opcode in column 1. (ADDWF)
000038 2623               M ADDWF 0x023
Warning[203]: Found opcode in column 1. (BTFSC)
00003A B0D8               M BTFSC STATUS,0
Warning[203]: Found opcode in column 1. (GOTO)
00003C EF?? F???          M GOTO carry1
MPASM 5.84                            3B.ASM   11-14-2024  9:29:24         PAGE  5


LOC  OBJECT CODE     LINE SOURCE TEXT
  VALUE

Warning[203]: Found opcode in column 1. (GOTO)
000040 EF?? F???          M GOTO add08to22    
000044                    M carry1:
Warning[203]: Found opcode in column 1. (INCF)
000044 2A22               M INCF 0x022
Warning[203]: Found opcode in column 1. (BTFSC)
000046 B0D8               M BTFSC STATUS,0
Warning[203]: Found opcode in column 1. (GOTO)
000048 EF?? F???          M GOTO carry2
Warning[203]: Found opcode in column 1. (GOTO)
00004C EF?? F???          M GOTO add08to22      
000050                    M carry2:
Warning[203]: Found opcode in column 1. (INCF)
000050 2A21               M INCF 0x021
Warning[203]: Found opcode in column 1. (BTFSC)
000052 B0D8               M BTFSC STATUS,0
Warning[203]: Found opcode in column 1. (GOTO)
000054 EF?? F???          M GOTO carry3
Warning[203]: Found opcode in column 1. (GOTO)
000058 EF?? F???          M GOTO add08to22
00005C                    M carry3:
Warning[203]: Found opcode in column 1. (INCF)
00005C 2A20               M INCF 0x020    
Warning[203]: Found opcode in column 1. (GOTO)
00005E EF?? F???          M GOTO add08to22
000062                    M add08to22:
Warning[203]: Found opcode in column 1. (MOVFF)
000062 C008 FFE8          M MOVFF 0x008,WREG
Warning[203]: Found opcode in column 1. (ADDWF)
000066 2622               M ADDWF 0x022
Warning[203]: Found opcode in column 1. (BTFSC)
000068 B0D8               M BTFSC STATUS,0
Warning[203]: Found opcode in column 1. (GOTO)
00006A EF?? F???          M GOTO carry4
Warning[203]: Found opcode in column 1. (GOTO)
00006E EF?? F???          M GOTO add07to21    
000072                    M carry4:
Warning[203]: Found opcode in column 1. (INCF)
000072 2A21               M INCF 0x021
Warning[203]: Found opcode in column 1. (BTFSC)
000074 B0D8               M BTFSC STATUS,0
Warning[203]: Found opcode in column 1. (GOTO)
000076 EF?? F???          M GOTO carry5
Warning[203]: Found opcode in column 1. (GOTO)
00007A EF?? F???          M GOTO add07to21      
00007E                    M carry5:
Warning[203]: Found opcode in column 1. (INCF)
00007E 2A20               M INCF 0x020
Warning[203]: Found opcode in column 1. (GOTO)
000080 EF?? F???          M GOTO add07to21
000084                    M add07to21:
Warning[203]: Found opcode in column 1. (MOVFF)
000084 C007 FFE8          M MOVFF 0x007,WREG
MPASM 5.84                            3B.ASM   11-14-2024  9:29:24         PAGE  6


LOC  OBJECT CODE     LINE SOURCE TEXT
  VALUE

Warning[203]: Found opcode in column 1. (ADDWF)
000088 2621               M ADDWF 0x021
Warning[203]: Found opcode in column 1. (BTFSC)
00008A B0D8               M BTFSC STATUS,0
Warning[203]: Found opcode in column 1. (GOTO)
00008C EF?? F???          M GOTO carry6
Warning[203]: Found opcode in column 1. (GOTO)
000090 EF?? F???          M GOTO add06to20
000094                    M carry6:
Warning[203]: Found opcode in column 1. (INCF)
000094 2A20               M INCF 0x020
Warning[203]: Found opcode in column 1. (GOTO)
000096 EF?? F???          M GOTO add06to20
00009A                    M add06to20:
Warning[203]: Found opcode in column 1. (MOVFF)
00009A C006 FFE8          M MOVFF 0x006,WREG
Warning[203]: Found opcode in column 1. (ADDWF)
00009E 2620               M ADDWF 0x020
Warning[203]: Found opcode in column 1. (GOTO)
0000A0 EF?? F???          M GOTO move1
0000A4                    M move1:
Warning[203]: Found opcode in column 1. (RLNCF)
0000A4 4606               M RLNCF 0x006
Warning[203]: Found opcode in column 1. (BTFSC)
0000A6 BE07               M BTFSC 0x007,7
Warning[203]: Found opcode in column 1. (GOTO)
0000A8 EF?? F???          M GOTO aaaa
Warning[203]: Found opcode in column 1. (GOTO)
0000AC EF?? F???          M GOTO bbbb
0000B0                    M aaaa:    
Warning[203]: Found opcode in column 1. (MOVLW)
0000B0 0E01               M MOVLW b'00000001'
Warning[203]: Found opcode in column 1. (IORWF)
0000B2 1206               M IORWF 0x006
Warning[203]: Found opcode in column 1. (GOTO)
0000B4 EF?? F???          M GOTO move2    
0000B8                    M bbbb:
Warning[203]: Found opcode in column 1. (MOVLW)
0000B8 0EFE               M MOVLW b'11111110'
Warning[203]: Found opcode in column 1. (ANDWF)
0000BA 1606               M ANDWF 0x006
Warning[203]: Found opcode in column 1. (GOTO)
0000BC EF?? F???          M GOTO move2 
0000C0                    M move2:
Warning[203]: Found opcode in column 1. (RLNCF)
0000C0 4607               M RLNCF 0x007
Warning[203]: Found opcode in column 1. (BTFSC)
0000C2 BE08               M BTFSC 0x008,7
Warning[203]: Found opcode in column 1. (GOTO)
0000C4 EF?? F???          M GOTO cccc
Warning[203]: Found opcode in column 1. (GOTO)
0000C8 EF?? F???          M GOTO dddd
0000CC                    M cccc:    
MPASM 5.84                            3B.ASM   11-14-2024  9:29:24         PAGE  7


LOC  OBJECT CODE     LINE SOURCE TEXT
  VALUE

Warning[203]: Found opcode in column 1. (MOVLW)
0000CC 0E01               M MOVLW b'00000001'
Warning[203]: Found opcode in column 1. (IORWF)
0000CE 1207               M IORWF 0x007
Warning[203]: Found opcode in column 1. (GOTO)
0000D0 EF?? F???          M GOTO move3    
0000D4                    M dddd:
Warning[203]: Found opcode in column 1. (MOVLW)
0000D4 0EFE               M MOVLW b'11111110'
Warning[203]: Found opcode in column 1. (ANDWF)
0000D6 1607               M ANDWF 0x007
Warning[203]: Found opcode in column 1. (GOTO)
0000D8 EF?? F???          M GOTO move3   
0000DC                    M move3:
Warning[203]: Found opcode in column 1. (RLNCF)
0000DC 4608               M RLNCF 0x008
Warning[203]: Found opcode in column 1. (BTFSC)
0000DE BE09               M BTFSC 0x009,7
Warning[203]: Found opcode in column 1. (GOTO)
0000E0 EF?? F???          M GOTO eeee
Warning[203]: Found opcode in column 1. (GOTO)
0000E4 EF?? F???          M GOTO ffff
0000E8                    M eeee:    
Warning[203]: Found opcode in column 1. (MOVLW)
0000E8 0E01               M MOVLW b'00000001'
Warning[203]: Found opcode in column 1. (IORWF)
0000EA 1208               M IORWF 0x008
Warning[203]: Found opcode in column 1. (GOTO)
0000EC EF?? F???          M GOTO move4    
0000F0                    M ffff:
Warning[203]: Found opcode in column 1. (MOVLW)
0000F0 0EFE               M MOVLW b'11111110'
Warning[203]: Found opcode in column 1. (ANDWF)
0000F2 1608               M ANDWF 0x008
Warning[203]: Found opcode in column 1. (GOTO)
0000F4 EF?? F???          M GOTO move4
0000F8                    M move4:
Warning[203]: Found opcode in column 1. (RLNCF)
0000F8 4609               M RLNCF 0x009
Warning[203]: Found opcode in column 1. (BCF)
0000FA 9009               M BCF 0x009,0
Warning[203]: Found opcode in column 1. (GOTO)
0000FC EF?? F???          M GOTO move5
000100                    M move5:
Warning[203]: Found opcode in column 1. (RRNCF)
000100 4219               M RRNCF 0x019
Warning[203]: Found opcode in column 1. (BTFSC)
000102 B018               M BTFSC 0x018,0
Warning[203]: Found opcode in column 1. (GOTO)
000104 EF?? F???          M GOTO gggg
Warning[203]: Found opcode in column 1. (GOTO)
000108 EF?? F???          M GOTO hhhh
00010C                    M gggg:
MPASM 5.84                            3B.ASM   11-14-2024  9:29:24         PAGE  8


LOC  OBJECT CODE     LINE SOURCE TEXT
  VALUE

Warning[203]: Found opcode in column 1. (MOVLW)
00010C 0E80               M MOVLW b'10000000'
Warning[203]: Found opcode in column 1. (IORWF)
00010E 1219               M IORWF 0x019 
Warning[203]: Found opcode in column 1. (GOTO)
000110 EF?? F???          M GOTO move6
000114                    M hhhh:
Warning[203]: Found opcode in column 1. (MOVLW)
000114 0E7F               M MOVLW b'01111111'
Warning[203]: Found opcode in column 1. (ANDWF)
000116 1619               M ANDWF 0x019
Warning[203]: Found opcode in column 1. (GOTO)
000118 EF?? F???          M GOTO move6
00011C                    M move6:
Warning[203]: Found opcode in column 1. (RRNCF)
00011C 4218               M RRNCF 0x018
Warning[203]: Found opcode in column 1. (BCF)
00011E 9E18               M BCF 0x018,7
Warning[203]: Found opcode in column 1. (DECFSZ)
000120 2E24               M DECFSZ 0x024    
Warning[203]: Found opcode in column 1. (GOTO)
000122 EF?? F???          M GOTO start
Warning[203]: Found opcode in column 1. (MOVFF)
000126 C022 F000      00142 MOVFF 0x22,0x00
Warning[203]: Found opcode in column 1. (MOVFF)
00012A C023 F001      00143 MOVFF 0x23,0x01  
Warning[205]: Found directive in column 1. (end)
                      00144 end
MPASM 5.84                            3B.ASM   11-14-2024  9:29:24         PAGE  9


SYMBOL TABLE
  LABEL                             VALUE 

A                                 00000000
ABDEN                             00000000
ABDOVF                            00000007
ACCESS                            00000000
ACKDT                             00000005
ACKEN                             00000004
ACKSTAT                           00000006
ACQT0                             00000003
ACQT1                             00000004
ACQT2                             00000005
ADCON0                            00000FC2
ADCON1                            00000FC1
ADCON2                            00000FC0
ADCS0                             00000000
ADCS1                             00000001
ADCS2                             00000002
ADDEN                             00000003
ADEN                              00000003
ADFM                              00000007
ADIE                              00000006
ADIF                              00000006
ADIP                              00000006
ADMSK1                            00000001
ADMSK2                            00000002
ADMSK3                            00000003
ADMSK4                            00000004
ADMSK5                            00000005
ADON                              00000000
ADRES                             00000FC3
ADRESH                            00000FC4
ADRESL                            00000FC3
AN0                               00000000
AN1                               00000001
AN10                              00000001
AN11                              00000004
AN12                              00000000
AN2                               00000002
AN3                               00000003
AN4                               00000005
AN5                               00000000
AN6                               00000001
AN7                               00000002
AN8                               00000002
AN9                               00000003
BANKED                            00000001
BAUDCON                           00000FB8
BAUDCTL                           00000FB8
BCLIE                             00000003
BCLIF                             00000003
BCLIP                             00000003
BF                                00000000
BGST                              00000005
BOR                               00000000
MPASM 5.84                            3B.ASM   11-14-2024  9:29:24         PAGE 10


SYMBOL TABLE
  LABEL                             VALUE 

BRG16                             00000003
BRGH                              00000002
BSR                               00000FE0
C                                 00000000
C1INV                             00000004
C1OUT_CMCON                       00000006
C1OUT_PORTA                       00000004
C2INV                             00000005
C2OUT_CMCON                       00000007
C2OUT_PORTA                       00000005
CCP1                              00000002
CCP1CON                           00000FBD
CCP1IE                            00000002
CCP1IF                            00000002
CCP1IP                            00000002
CCP1M0                            00000000
CCP1M1                            00000001
CCP1M2                            00000002
CCP1M3                            00000003
CCP1X                             00000005
CCP1Y                             00000004
CCP2CON                           00000FBA
CCP2IE                            00000000
CCP2IF                            00000000
CCP2IP                            00000000
CCP2M0                            00000000
CCP2M1                            00000001
CCP2M2                            00000002
CCP2M3                            00000003
CCP2X                             00000005
CCP2Y                             00000004
CCP2_PORTB                        00000003
CCP2_PORTC                        00000001
CCPR1                             00000FBE
CCPR1H                            00000FBF
CCPR1L                            00000FBE
CCPR2                             00000FBB
CCPR2H                            00000FBC
CCPR2L                            00000FBB
CFGS                              00000006
CHS0                              00000002
CHS1                              00000003
CHS2                              00000004
CHS3                              00000005
CIS                               00000003
CK                                00000006
CKE                               00000006
CKP                               00000004
CLKI                              00000007
CLKO                              00000006
CM0                               00000000
CM1                               00000001
CM2                               00000002
MPASM 5.84                            3B.ASM   11-14-2024  9:29:24         PAGE 11


SYMBOL TABLE
  LABEL                             VALUE 

CMCON                             00000FB4
CMIE                              00000006
CMIF                              00000006
CMIP                              00000006
CREN                              00000004
CS                                00000002
CSRC                              00000007
CVR0                              00000000
CVR1                              00000001
CVR2                              00000002
CVR3                              00000003
CVRCON                            00000FB5
CVREF                             00000002
CVREN                             00000007
CVROE                             00000006
CVRR                              00000005
CVRSS                             00000004
D                                 00000005
DC                                00000001
DC1B0                             00000004
DC1B1                             00000005
DC2B0                             00000004
DC2B1                             00000005
DDRA                              TRISA
DDRB                              TRISB
DDRC                              TRISC
DDRD                              TRISD
DDRE                              TRISE
DONE                              00000001
D_A                               00000005
D_NOT_A                           00000005
ECCP1AS                           00000FB6
ECCP1DEL                          00000FB7
ECCPAS                            00000FB6
ECCPAS0                           00000004
ECCPAS1                           00000005
ECCPAS2                           00000006
ECCPASE                           00000007
EEADR                             00000FA9
EECON1                            00000FA6
EECON2                            00000FA7
EEDATA                            00000FA8
EEIE                              00000004
EEIF                              00000004
EEIP                              00000004
EEPGD                             00000007
FAST                              00000001
FERR                              00000002
FLT0                              00000000
FLTS                              00000002
FREE                              00000004
FSR0                              00000000
FSR0H                             00000FEA
MPASM 5.84                            3B.ASM   11-14-2024  9:29:24         PAGE 12


SYMBOL TABLE
  LABEL                             VALUE 

FSR0L                             00000FE9
FSR1                              00000001
FSR1H                             00000FE2
FSR1L                             00000FE1
FSR2                              00000002
FSR2H                             00000FDA
FSR2L                             00000FD9
GCEN                              00000007
GIE                               00000007
GIEH                              00000007
GIEL                              00000006
GIE_GIEH                          00000007
GO                                00000001
GO_DONE                           00000001
GO_NOT_DONE                       00000001
HLVDCON                           00000FD2
HLVDEN                            00000004
HLVDIE                            00000002
HLVDIF                            00000002
HLVDIN                            00000005
HLVDIP                            00000002
HLVDL0                            00000000
HLVDL1                            00000001
HLVDL2                            00000002
HLVDL3                            00000003
IBF                               00000007
IBOV                              00000005
IDLEN                             00000007
INDF0                             00000FEF
INDF1                             00000FE7
INDF2                             00000FDF
INT0                              00000000
INT0E                             00000004
INT0F                             00000001
INT0IE                            00000004
INT0IF                            00000001
INT1                              00000001
INT1E                             00000003
INT1F                             00000000
INT1IE                            00000003
INT1IF                            00000000
INT1IP                            00000006
INT1P                             00000006
INT2                              00000002
INT2E                             00000004
INT2F                             00000001
INT2IE                            00000004
INT2IF                            00000001
INT2IP                            00000007
INT2P                             00000007
INTCON                            00000FF2
INTCON2                           00000FF1
INTCON3                           00000FF0
MPASM 5.84                            3B.ASM   11-14-2024  9:29:24         PAGE 13


SYMBOL TABLE
  LABEL                             VALUE 

INTEDG0                           00000006
INTEDG1                           00000005
INTEDG2                           00000004
INTSRC                            00000007
IOFS                              00000002
IPEN                              00000007
IPR1                              00000F9F
IPR2                              00000FA2
IRCF0                             00000004
IRCF1                             00000005
IRCF2                             00000006
IRVST                             00000005
IVRST                             00000005
KBI0                              00000004
KBI1                              00000005
KBI2                              00000006
KBI3                              00000007
LATA                              00000F89
LATA0                             00000000
LATA1                             00000001
LATA2                             00000002
LATA3                             00000003
LATA4                             00000004
LATA5                             00000005
LATA6                             00000006
LATA7                             00000007
LATB                              00000F8A
LATB0                             00000000
LATB1                             00000001
LATB2                             00000002
LATB3                             00000003
LATB4                             00000004
LATB5                             00000005
LATB6                             00000006
LATB7                             00000007
LATC                              00000F8B
LATC0                             00000000
LATC1                             00000001
LATC2                             00000002
LATC3                             00000003
LATC4                             00000004
LATC5                             00000005
LATC6                             00000006
LATC7                             00000007
LATD                              00000F8C
LATD0                             00000000
LATD1                             00000001
LATD2                             00000002
LATD3                             00000003
LATD4                             00000004
LATD5                             00000005
LATD6                             00000006
LATD7                             00000007
MPASM 5.84                            3B.ASM   11-14-2024  9:29:24         PAGE 14


SYMBOL TABLE
  LABEL                             VALUE 

LATE                              00000F8D
LATE0                             00000000
LATE1                             00000001
LATE2                             00000002
LVDCON                            00000FD2
LVDEN                             00000004
LVDIE                             00000002
LVDIF                             00000002
LVDIN                             00000005
LVDIP                             00000002
LVDL0                             00000000
LVDL1                             00000001
LVDL2                             00000002
LVDL3                             00000003
LVV0                              00000000
LVV1                              00000001
LVV2                              00000002
LVV3                              00000003
MCLR                              00000003
N                                 00000004
NOT_A                             00000005
NOT_ADDRESS                       00000005
NOT_BOR                           00000000
NOT_CS                            00000002
NOT_DONE                          00000001
NOT_MCLR                          00000003
NOT_PD                            00000002
NOT_POR                           00000001
NOT_RBPU                          00000007
NOT_RD                            00000000
NOT_RI                            00000004
NOT_SS                            00000005
NOT_T1SYNC                        00000002
NOT_T3SYNC                        00000002
NOT_TO                            00000003
NOT_W                             00000002
NOT_WR                            00000001
NOT_WRITE                         00000002
OBF                               00000006
OERR                              00000001
OSC1                              00000007
OSC2                              00000006
OSCCON                            00000FD3
OSCFIE                            00000007
OSCFIF                            00000007
OSCFIP                            00000007
OSCTUNE                           00000F9B
OSTS                              00000003
OV                                00000003
P                                 00000004
P1A                               00000002
P1B                               00000005
P1C                               00000006
MPASM 5.84                            3B.ASM   11-14-2024  9:29:24         PAGE 15


SYMBOL TABLE
  LABEL                             VALUE 

P1D                               00000007
P1M0                              00000006
P1M1                              00000007
PC                                00000FF9
PCFG0                             00000000
PCFG1                             00000001
PCFG2                             00000002
PCFG3                             00000003
PCL                               00000FF9
PCLATH                            00000FFA
PCLATU                            00000FFB
PD                                00000002
PDC0                              00000000
PDC1                              00000001
PDC2                              00000002
PDC3                              00000003
PDC4                              00000004
PDC5                              00000005
PDC6                              00000006
PEIE                              00000006
PEIE_GIEL                         00000006
PEN                               00000002
PGC                               00000006
PGD                               00000007
PGM                               00000005
PIE1                              00000F9D
PIE2                              00000FA0
PIR1                              00000F9E
PIR2                              00000FA1
PLLEN                             00000006
PLUSW0                            00000FEB
PLUSW1                            00000FE3
PLUSW2                            00000FDB
POR                               00000001
PORTA                             00000F80
PORTB                             00000F81
PORTC                             00000F82
PORTD                             00000F83
PORTE                             00000F84
POSTDEC0                          00000FED
POSTDEC1                          00000FE5
POSTDEC2                          00000FDD
POSTINC0                          00000FEE
POSTINC1                          00000FE6
POSTINC2                          00000FDE
PR2                               00000FCB
PREINC0                           00000FEC
PREINC1                           00000FE4
PREINC2                           00000FDC
PROD                              00000FF3
PRODH                             00000FF4
PRODL                             00000FF3
PRSEN                             00000007
MPASM 5.84                            3B.ASM   11-14-2024  9:29:24         PAGE 16


SYMBOL TABLE
  LABEL                             VALUE 

PSA                               00000003
PSP0                              00000000
PSP1                              00000001
PSP2                              00000002
PSP3                              00000003
PSP4                              00000004
PSP5                              00000005
PSP6                              00000006
PSP7                              00000007
PSPIE                             00000007
PSPIF                             00000007
PSPIP                             00000007
PSPMODE                           00000004
PSSAC0                            00000002
PSSAC1                            00000003
PSSBD0                            00000000
PSSBD1                            00000001
PWM1CON                           00000FB7
R                                 00000002
RA0                               00000000
RA1                               00000001
RA2                               00000002
RA3                               00000003
RA4                               00000004
RA5                               00000005
RA6                               00000006
RA7                               00000007
RB0                               00000000
RB1                               00000001
RB2                               00000002
RB3                               00000003
RB4                               00000004
RB5                               00000005
RB6                               00000006
RB7                               00000007
RBIE                              00000003
RBIF                              00000000
RBIP                              00000000
RBPU                              00000007
RC0                               00000000
RC1                               00000001
RC2                               00000002
RC3                               00000003
RC4                               00000004
RC5                               00000005
RC6                               00000006
RC7                               00000007
RCEN                              00000003
RCIDL                             00000006
RCIE                              00000005
RCIF                              00000005
RCIP                              00000005
RCMT                              00000006
MPASM 5.84                            3B.ASM   11-14-2024  9:29:24         PAGE 17


SYMBOL TABLE
  LABEL                             VALUE 

RCON                              00000FD0
RCREG                             00000FAE
RCSTA                             00000FAB
RD                                00000000
RD0                               00000000
RD1                               00000001
RD16                              00000007
RD2                               00000002
RD3                               00000003
RD4                               00000004
RD5                               00000005
RD6                               00000006
RD7                               00000007
RE0                               00000000
RE1                               00000001
RE2                               00000002
RE3                               00000003
RI                                00000004
RSEN                              00000001
RX                                00000007
RX9                               00000006
RX9D                              00000000
RXDTP                             00000005
R_NOT_W                           00000002
R_W                               00000002
S                                 00000003
SBOREN                            00000006
SCK                               00000003
SCKP                              00000004
SCL                               00000003
SCS0                              00000000
SCS1                              00000001
SDA                               00000004
SDI                               00000004
SDO                               00000005
SEN                               00000000
SENDB                             00000003
SMP                               00000007
SP0                               00000000
SP1                               00000001
SP2                               00000002
SP3                               00000003
SP4                               00000004
SPBRG                             00000FAF
SPBRGH                            00000FB0
SPEN                              00000007
SREN                              00000005
SS                                00000005
SSPADD                            00000FC8
SSPBUF                            00000FC9
SSPCON1                           00000FC6
SSPCON2                           00000FC5
SSPEN                             00000005
MPASM 5.84                            3B.ASM   11-14-2024  9:29:24         PAGE 18


SYMBOL TABLE
  LABEL                             VALUE 

SSPIE                             00000003
SSPIF                             00000003
SSPIP                             00000003
SSPM0                             00000000
SSPM1                             00000001
SSPM2                             00000002
SSPM3                             00000003
SSPOV                             00000006
SSPSTAT                           00000FC7
STATUS                            00000FD8
STKFUL                            00000007
STKOVF                            00000007
STKPTR                            00000FFC
STKUNF                            00000006
SWDTE                             00000000
SWDTEN                            00000000
SYNC                              00000004
T016BIT                           00000006
T08BIT                            00000006
T0CKI                             00000004
T0CON                             00000FD5
T0CS                              00000005
T0IE                              00000005
T0IF                              00000002
T0PS0                             00000000
T0PS1                             00000001
T0PS2                             00000002
T0PS3                             00000003
T0SE                              00000004
T13CKI                            00000000
T1CKI                             00000000
T1CKPS0                           00000004
T1CKPS1                           00000005
T1CON                             00000FCD
T1OSCEN                           00000003
T1OSI                             00000001
T1OSO                             00000000
T1RUN                             00000006
T1SYNC                            00000002
T2CKPS0                           00000000
T2CKPS1                           00000001
T2CON                             00000FCA
T2OUTPS0                          00000003
T2OUTPS1                          00000004
T2OUTPS2                          00000005
T2OUTPS3                          00000006
T3CCP1                            00000003
T3CCP2                            00000006
T3CKPS0                           00000004
T3CKPS1                           00000005
T3CON                             00000FB1
T3SYNC                            00000002
TABLAT                            00000FF5
MPASM 5.84                            3B.ASM   11-14-2024  9:29:24         PAGE 19


SYMBOL TABLE
  LABEL                             VALUE 

TBLPTR                            00000FF6
TBLPTRH                           00000FF7
TBLPTRL                           00000FF6
TBLPTRU                           00000FF8
TMR0                              00000FD6
TMR0H                             00000FD7
TMR0IE                            00000005
TMR0IF                            00000002
TMR0IP                            00000002
TMR0L                             00000FD6
TMR0ON                            00000007
TMR1                              00000FCE
TMR1CS                            00000001
TMR1H                             00000FCF
TMR1IE                            00000000
TMR1IF                            00000000
TMR1IP                            00000000
TMR1L                             00000FCE
TMR1ON                            00000000
TMR2                              00000FCC
TMR2IE                            00000001
TMR2IF                            00000001
TMR2IP                            00000001
TMR2ON                            00000002
TMR3                              00000FB2
TMR3CS                            00000001
TMR3H                             00000FB3
TMR3IE                            00000001
TMR3IF                            00000001
TMR3IP                            00000001
TMR3L                             00000FB2
TMR3ON                            00000000
TO                                00000003
TOS                               00000FFD
TOSH                              00000FFE
TOSL                              00000FFD
TOSU                              00000FFF
TOUTPS0                           00000003
TOUTPS1                           00000004
TOUTPS2                           00000005
TOUTPS3                           00000006
TRISA                             00000F92
TRISA0                            00000000
TRISA1                            00000001
TRISA2                            00000002
TRISA3                            00000003
TRISA4                            00000004
TRISA5                            00000005
TRISA6                            00000006
TRISA7                            00000007
TRISB                             00000F93
TRISB0                            00000000
TRISB1                            00000001
MPASM 5.84                            3B.ASM   11-14-2024  9:29:24         PAGE 20


SYMBOL TABLE
  LABEL                             VALUE 

TRISB2                            00000002
TRISB3                            00000003
TRISB4                            00000004
TRISB5                            00000005
TRISB6                            00000006
TRISB7                            00000007
TRISC                             00000F94
TRISC0                            00000000
TRISC1                            00000001
TRISC2                            00000002
TRISC3                            00000003
TRISC4                            00000004
TRISC5                            00000005
TRISC6                            00000006
TRISC7                            00000007
TRISD                             00000F95
TRISD0                            00000000
TRISD1                            00000001
TRISD2                            00000002
TRISD3                            00000003
TRISD4                            00000004
TRISD5                            00000005
TRISD6                            00000006
TRISD7                            00000007
TRISE                             00000F96
TRISE0                            00000000
TRISE1                            00000001
TRISE2                            00000002
TRMT                              00000001
TUN0                              00000000
TUN1                              00000001
TUN2                              00000002
TUN3                              00000003
TUN4                              00000004
TX                                00000006
TX9                               00000006
TX9D                              00000000
TXCKP                             00000004
TXEN                              00000005
TXIE                              00000004
TXIF                              00000004
TXIP                              00000004
TXREG                             00000FAD
TXSTA                             00000FAC
UA                                00000001
VCFG0                             00000004
VCFG1                             00000005
VDIRMAG                           00000007
VPP                               00000003
VREFN                             00000002
VREFP                             00000003
W                                 00000000
WCOL                              00000007
MPASM 5.84                            3B.ASM   11-14-2024  9:29:24         PAGE 21


SYMBOL TABLE
  LABEL                             VALUE 

WDTCON                            00000FD1
WR                                00000001
WREG                              00000FE8
WREN                              00000002
WRERR                             00000003
WUE                               00000001
Z                                 00000002
_BOREN_NOSLP_2L                   000000FD
_BOREN_OFF_2L                     000000F9
_BOREN_ON_2L                      000000FB
_BOREN_SBORDIS_2L                 000000FF
_BORV_0_2L                        000000E7
_BORV_1_2L                        000000EF
_BORV_2_2L                        000000F7
_BORV_3_2L                        000000FF
_CCP2MX_PORTBE_3H                 000000FE
_CCP2MX_PORTC_3H                  000000FF
_CONFIG1H                         00300001
_CONFIG2H                         00300003
_CONFIG2L                         00300002
_CONFIG3H                         00300005
_CONFIG4L                         00300006
_CONFIG5H                         00300009
_CONFIG5L                         00300008
_CONFIG6H                         0030000B
_CONFIG6L                         0030000A
_CONFIG7H                         0030000D
_CONFIG7L                         0030000C
_CP0_OFF_5L                       000000FF
_CP0_ON_5L                        000000FE
_CP1_OFF_5L                       000000FF
_CP1_ON_5L                        000000FD
_CP2_OFF_5L                       000000FF
_CP2_ON_5L                        000000FB
_CP3_OFF_5L                       000000FF
_CP3_ON_5L                        000000F7
_CPB_OFF_5H                       000000FF
_CPB_ON_5H                        000000BF
_CPD_OFF_5H                       000000FF
_CPD_ON_5H                        0000007F
_DEBUG_OFF_4L                     000000FF
_DEBUG_ON_4L                      0000007F
_DEVID1                           003FFFFE
_DEVID2                           003FFFFF
_EBTR0_OFF_7L                     000000FF
_EBTR0_ON_7L                      000000FE
_EBTR1_OFF_7L                     000000FF
_EBTR1_ON_7L                      000000FD
_EBTR2_OFF_7L                     000000FF
_EBTR2_ON_7L                      000000FB
_EBTR3_OFF_7L                     000000FF
_EBTR3_ON_7L                      000000F7
_EBTRB_OFF_7H                     000000FF
MPASM 5.84                            3B.ASM   11-14-2024  9:29:24         PAGE 22


SYMBOL TABLE
  LABEL                             VALUE 

_EBTRB_ON_7H                      000000BF
_FCMEN_OFF_1H                     000000BF
_FCMEN_ON_1H                      000000FF
_IDLOC0                           00200000
_IDLOC1                           00200001
_IDLOC2                           00200002
_IDLOC3                           00200003
_IDLOC4                           00200004
_IDLOC5                           00200005
_IDLOC6                           00200006
_IDLOC7                           00200007
_IESO_OFF_1H                      0000007F
_IESO_ON_1H                       000000FF
_LPT1OSC_OFF_3H                   000000FB
_LPT1OSC_ON_3H                    000000FF
_LVP_OFF_4L                       000000FB
_LVP_ON_4L                        000000FF
_MCLRE_OFF_3H                     0000007F
_MCLRE_ON_3H                      000000FF
_OSC_ECIO6_1H                     000000F5
_OSC_EC_1H                        000000F4
_OSC_HSPLL_1H                     000000F6
_OSC_HS_1H                        000000F2
_OSC_INTIO67_1H                   000000F8
_OSC_INTIO7_1H                    000000F9
_OSC_LP_1H                        000000F0
_OSC_RCIO6_1H                     000000F7
_OSC_RC_1H                        000000F3
_OSC_XT_1H                        000000F1
_PBADEN_OFF_3H                    000000FD
_PBADEN_ON_3H                     000000FF
_PWRT_OFF_2L                      000000FF
_PWRT_ON_2L                       000000FE
_STVREN_OFF_4L                    000000FE
_STVREN_ON_4L                     000000FF
_WDTPS_1024_2H                    000000F5
_WDTPS_128_2H                     000000EF
_WDTPS_16384_2H                   000000FD
_WDTPS_16_2H                      000000E9
_WDTPS_1_2H                       000000E1
_WDTPS_2048_2H                    000000F7
_WDTPS_256_2H                     000000F1
_WDTPS_2_2H                       000000E3
_WDTPS_32768_2H                   000000FF
_WDTPS_32_2H                      000000EB
_WDTPS_4096_2H                    000000F9
_WDTPS_4_2H                       000000E5
_WDTPS_512_2H                     000000F3
_WDTPS_64_2H                      000000ED
_WDTPS_8192_2H                    000000FB
_WDTPS_8_2H                       000000E7
_WDT_OFF_2H                       000000FE
_WDT_ON_2H                        000000FF
MPASM 5.84                            3B.ASM   11-14-2024  9:29:24         PAGE 23


SYMBOL TABLE
  LABEL                             VALUE 

_WRT0_OFF_6L                      000000FF
_WRT0_ON_6L                       000000FE
_WRT1_OFF_6L                      000000FF
_WRT1_ON_6L                       000000FD
_WRT2_OFF_6L                      000000FF
_WRT2_ON_6L                       000000FB
_WRT3_OFF_6L                      000000FF
_WRT3_ON_6L                       000000F7
_WRTB_OFF_6H                      000000FF
_WRTB_ON_6H                       000000BF
_WRTC_OFF_6H                      000000FF
_WRTC_ON_6H                       000000DF
_WRTD_OFF_6H                      000000FF
_WRTD_ON_6H                       0000007F
_XINST_OFF_4L                     000000BF
_XINST_ON_4L                      000000FF
__18F4520                         00000001
__DEBUG                           
__MPLAB_DEBUGGER_SIMULATOR        1
aaaa                              000000B0
add06to20                         0000009A
add07to21                         00000084
add08to22                         00000062
bbbb                              000000B8
carry1                            00000044
carry2                            00000050
carry3                            0000005C
carry4                            00000072
carry5                            0000007E
carry6                            00000094
cccc                              000000CC
dddd                              000000D4
eeee                              000000E8
ffff                              000000F0
gggg                              0000010C
hhhh                              00000114
isone                             00000034
move1                             000000A4
move2                             000000C0
move3                             000000DC
move4                             000000F8
move5                             00000100
move6                             0000011C
mul_16                            
start                             0000002A

Errors   :     0
Warnings :   113 reported,     0 suppressed
Messages :     0 reported,     0 suppressed

