Warning[205] C:\USERS\WANGA\MPLABXPROJECTS\2022.X\8X8.ASM 1 : Found directive in column 1. (List)
Warning[205] C:\USERS\WANGA\MPLABXPROJECTS\2022.X\8X8.ASM 53 : Found directive in column 1. (endm)
Warning[206] C:\USERS\WANGA\MPLABXPROJECTS\2022.X\8X8.ASM 55 : Found call to macro in column 1. (mul_8)
Warning[203] C:\USERS\WANGA\MPLABXPROJECTS\2022.X\8X8.ASM 8 : Found opcode in column 1. (MOVLW)
Warning[203] C:\USERS\WANGA\MPLABXPROJECTS\2022.X\8X8.ASM 9 : Found opcode in column 1. (MOVWF)
Warning[203] C:\USERS\WANGA\MPLABXPROJECTS\2022.X\8X8.ASM 10 : Found opcode in column 1. (MOVLW)
Warning[203] C:\USERS\WANGA\MPLABXPROJECTS\2022.X\8X8.ASM 11 : Found opcode in column 1. (MOVWF)
Warning[203] C:\USERS\WANGA\MPLABXPROJECTS\2022.X\8X8.ASM 12 : Found opcode in column 1. (CLRF)
Warning[203] C:\USERS\WANGA\MPLABXPROJECTS\2022.X\8X8.ASM 13 : Found opcode in column 1. (CLRF)
Warning[203] C:\USERS\WANGA\MPLABXPROJECTS\2022.X\8X8.ASM 14 : Found opcode in column 1. (CLRF)
Warning[203] C:\USERS\WANGA\MPLABXPROJECTS\2022.X\8X8.ASM 15 : Found opcode in column 1. (MOVLW)
Warning[203] C:\USERS\WANGA\MPLABXPROJECTS\2022.X\8X8.ASM 16 : Found opcode in column 1. (MOVWF)
Warning[203] C:\USERS\WANGA\MPLABXPROJECTS\2022.X\8X8.ASM 18 : Found opcode in column 1. (BTFSC)
Warning[203] C:\USERS\WANGA\MPLABXPROJECTS\2022.X\8X8.ASM 19 : Found opcode in column 1. (GOTO)
Warning[203] C:\USERS\WANGA\MPLABXPROJECTS\2022.X\8X8.ASM 20 : Found opcode in column 1. (GOTO)
Warning[203] C:\USERS\WANGA\MPLABXPROJECTS\2022.X\8X8.ASM 22 : Found opcode in column 1. (MOVFF)
Warning[203] C:\USERS\WANGA\MPLABXPROJECTS\2022.X\8X8.ASM 23 : Found opcode in column 1. (ADDWF)
Warning[203] C:\USERS\WANGA\MPLABXPROJECTS\2022.X\8X8.ASM 24 : Found opcode in column 1. (BTFSC)
Warning[203] C:\USERS\WANGA\MPLABXPROJECTS\2022.X\8X8.ASM 25 : Found opcode in column 1. (GOTO)
Warning[203] C:\USERS\WANGA\MPLABXPROJECTS\2022.X\8X8.ASM 26 : Found opcode in column 1. (GOTO)
Warning[203] C:\USERS\WANGA\MPLABXPROJECTS\2022.X\8X8.ASM 28 : Found opcode in column 1. (INCF)
Warning[203] C:\USERS\WANGA\MPLABXPROJECTS\2022.X\8X8.ASM 29 : Found opcode in column 1. (GOTO)
Warning[203] C:\USERS\WANGA\MPLABXPROJECTS\2022.X\8X8.ASM 31 : Found opcode in column 1. (MOVFF)
Warning[203] C:\USERS\WANGA\MPLABXPROJECTS\2022.X\8X8.ASM 32 : Found opcode in column 1. (ADDWF)
Warning[203] C:\USERS\WANGA\MPLABXPROJECTS\2022.X\8X8.ASM 34 : Found opcode in column 1. (RLNCF)
Warning[203] C:\USERS\WANGA\MPLABXPROJECTS\2022.X\8X8.ASM 35 : Found opcode in column 1. (BTFSC)
Warning[203] C:\USERS\WANGA\MPLABXPROJECTS\2022.X\8X8.ASM 36 : Found opcode in column 1. (GOTO)
Warning[203] C:\USERS\WANGA\MPLABXPROJECTS\2022.X\8X8.ASM 37 : Found opcode in column 1. (GOTO)
Warning[203] C:\USERS\WANGA\MPLABXPROJECTS\2022.X\8X8.ASM 39 : Found opcode in column 1. (MOVLW)
Warning[203] C:\USERS\WANGA\MPLABXPROJECTS\2022.X\8X8.ASM 40 : Found opcode in column 1. (IORWF)
Warning[203] C:\USERS\WANGA\MPLABXPROJECTS\2022.X\8X8.ASM 41 : Found opcode in column 1. (GOTO)
Warning[203] C:\USERS\WANGA\MPLABXPROJECTS\2022.X\8X8.ASM 43 : Found opcode in column 1. (MOVLW)
Warning[203] C:\USERS\WANGA\MPLABXPROJECTS\2022.X\8X8.ASM 44 : Found opcode in column 1. (ANDWF)
Warning[203] C:\USERS\WANGA\MPLABXPROJECTS\2022.X\8X8.ASM 45 : Found opcode in column 1. (GOTO)
Warning[203] C:\USERS\WANGA\MPLABXPROJECTS\2022.X\8X8.ASM 47 : Found opcode in column 1. (RLNCF)
Warning[203] C:\USERS\WANGA\MPLABXPROJECTS\2022.X\8X8.ASM 48 : Found opcode in column 1. (BCF)
Warning[203] C:\USERS\WANGA\MPLABXPROJECTS\2022.X\8X8.ASM 49 : Found opcode in column 1. (RRNCF)
Warning[203] C:\USERS\WANGA\MPLABXPROJECTS\2022.X\8X8.ASM 50 : Found opcode in column 1. (BCF)
Warning[203] C:\USERS\WANGA\MPLABXPROJECTS\2022.X\8X8.ASM 51 : Found opcode in column 1. (DECFSZ)
Warning[203] C:\USERS\WANGA\MPLABXPROJECTS\2022.X\8X8.ASM 52 : Found opcode in column 1. (GOTO)
Warning[205] C:\USERS\WANGA\MPLABXPROJECTS\2022.X\8X8.ASM 56 : Found directive in column 1. (end)
