Warning[205] C:\USERS\WANGA\MPLABXPROJECTS\LAB6.X\ADVANCE.ASM 1 : Found directive in column 1. (LIST)
Warning[207] C:\USERS\WANGA\MPLABXPROJECTS\LAB6.X\ADVANCE.ASM 6 : Found label after column 1. (L1)
Warning[207] C:\USERS\WANGA\MPLABXPROJECTS\LAB6.X\ADVANCE.ASM 7 : Found label after column 1. (L2)
Warning[207] C:\USERS\WANGA\MPLABXPROJECTS\LAB6.X\ADVANCE.ASM 8 : Found label after column 1. (SNUM)
Warning[205] C:\USERS\WANGA\MPLABXPROJECTS\LAB6.X\ADVANCE.ASM 42 : Found directive in column 1. (endm)
Warning[205] C:\USERS\WANGA\MPLABXPROJECTS\LAB6.X\ADVANCE.ASM 69 : Found directive in column 1. (endm)
Warning[207] C:\USERS\WANGA\MPLABXPROJECTS\LAB6.X\ADVANCE.ASM 25 : Found label after column 1. (LOOP2)
Warning[207] C:\USERS\WANGA\MPLABXPROJECTS\LAB6.X\ADVANCE.ASM 30 : Found label after column 1. (LOOP1)
Warning[207] C:\USERS\WANGA\MPLABXPROJECTS\LAB6.X\ADVANCE.ASM 25 : Found label after column 1. (LOOP2)
Warning[207] C:\USERS\WANGA\MPLABXPROJECTS\LAB6.X\ADVANCE.ASM 30 : Found label after column 1. (LOOP1)
Warning[207] C:\USERS\WANGA\MPLABXPROJECTS\LAB6.X\ADVANCE.ASM 52 : Found label after column 1. (LOOP2)
Warning[207] C:\USERS\WANGA\MPLABXPROJECTS\LAB6.X\ADVANCE.ASM 57 : Found label after column 1. (LOOP1)
Warning[207] C:\USERS\WANGA\MPLABXPROJECTS\LAB6.X\ADVANCE.ASM 52 : Found label after column 1. (LOOP2)
Warning[207] C:\USERS\WANGA\MPLABXPROJECTS\LAB6.X\ADVANCE.ASM 57 : Found label after column 1. (LOOP1)
Warning[207] C:\USERS\WANGA\MPLABXPROJECTS\LAB6.X\ADVANCE.ASM 99 : Found label after column 1. (notfirst)
Warning[207] C:\USERS\WANGA\MPLABXPROJECTS\LAB6.X\ADVANCE.ASM 52 : Found label after column 1. (LOOP2)
Warning[207] C:\USERS\WANGA\MPLABXPROJECTS\LAB6.X\ADVANCE.ASM 57 : Found label after column 1. (LOOP1)
Warning[207] C:\USERS\WANGA\MPLABXPROJECTS\LAB6.X\ADVANCE.ASM 52 : Found label after column 1. (LOOP2)
Warning[207] C:\USERS\WANGA\MPLABXPROJECTS\LAB6.X\ADVANCE.ASM 57 : Found label after column 1. (LOOP1)
Warning[207] C:\USERS\WANGA\MPLABXPROJECTS\LAB6.X\ADVANCE.ASM 52 : Found label after column 1. (LOOP2)
Warning[207] C:\USERS\WANGA\MPLABXPROJECTS\LAB6.X\ADVANCE.ASM 57 : Found label after column 1. (LOOP1)
Warning[207] C:\USERS\WANGA\MPLABXPROJECTS\LAB6.X\ADVANCE.ASM 52 : Found label after column 1. (LOOP2)
Warning[207] C:\USERS\WANGA\MPLABXPROJECTS\LAB6.X\ADVANCE.ASM 57 : Found label after column 1. (LOOP1)
Warning[207] C:\USERS\WANGA\MPLABXPROJECTS\LAB6.X\ADVANCE.ASM 52 : Found label after column 1. (LOOP2)
Warning[207] C:\USERS\WANGA\MPLABXPROJECTS\LAB6.X\ADVANCE.ASM 57 : Found label after column 1. (LOOP1)
Warning[207] C:\USERS\WANGA\MPLABXPROJECTS\LAB6.X\ADVANCE.ASM 52 : Found label after column 1. (LOOP2)
Warning[207] C:\USERS\WANGA\MPLABXPROJECTS\LAB6.X\ADVANCE.ASM 57 : Found label after column 1. (LOOP1)
Warning[207] C:\USERS\WANGA\MPLABXPROJECTS\LAB6.X\ADVANCE.ASM 52 : Found label after column 1. (LOOP2)
Warning[207] C:\USERS\WANGA\MPLABXPROJECTS\LAB6.X\ADVANCE.ASM 57 : Found label after column 1. (LOOP1)
Warning[207] C:\USERS\WANGA\MPLABXPROJECTS\LAB6.X\ADVANCE.ASM 52 : Found label after column 1. (LOOP2)
Warning[207] C:\USERS\WANGA\MPLABXPROJECTS\LAB6.X\ADVANCE.ASM 57 : Found label after column 1. (LOOP1)
Warning[207] C:\USERS\WANGA\MPLABXPROJECTS\LAB6.X\ADVANCE.ASM 52 : Found label after column 1. (LOOP2)
Warning[207] C:\USERS\WANGA\MPLABXPROJECTS\LAB6.X\ADVANCE.ASM 57 : Found label after column 1. (LOOP1)
Warning[205] C:\USERS\WANGA\MPLABXPROJECTS\LAB6.X\ADVANCE.ASM 117 : Found directive in column 1. (end)
