Warning[205] C:\USERS\WANGA\MPLABXPROJECTS\LAB6.X\BONUS.ASM 2 : Found directive in column 1. (LIST)
Warning[207] C:\USERS\WANGA\MPLABXPROJECTS\LAB6.X\BONUS.ASM 7 : Found label after column 1. (L1)
Warning[207] C:\USERS\WANGA\MPLABXPROJECTS\LAB6.X\BONUS.ASM 8 : Found label after column 1. (L2)
Warning[207] C:\USERS\WANGA\MPLABXPROJECTS\LAB6.X\BONUS.ASM 9 : Found label after column 1. (S1)
Warning[207] C:\USERS\WANGA\MPLABXPROJECTS\LAB6.X\BONUS.ASM 10 : Found label after column 1. (S2)
Warning[205] C:\USERS\WANGA\MPLABXPROJECTS\LAB6.X\BONUS.ASM 31 : Found directive in column 1. (endm)
Warning[205] C:\USERS\WANGA\MPLABXPROJECTS\LAB6.X\BONUS.ASM 51 : Found directive in column 1. (endm)
Warning[205] C:\USERS\WANGA\MPLABXPROJECTS\LAB6.X\BONUS.ASM 71 : Found directive in column 1. (endm)
Warning[207] C:\USERS\WANGA\MPLABXPROJECTS\LAB6.X\BONUS.ASM 18 : Found label after column 1. (LOOP2)
Warning[207] C:\USERS\WANGA\MPLABXPROJECTS\LAB6.X\BONUS.ASM 21 : Found label after column 1. (LOOP1)
Warning[207] C:\USERS\WANGA\MPLABXPROJECTS\LAB6.X\BONUS.ASM 18 : Found label after column 1. (LOOP2)
Warning[207] C:\USERS\WANGA\MPLABXPROJECTS\LAB6.X\BONUS.ASM 21 : Found label after column 1. (LOOP1)
Warning[207] C:\USERS\WANGA\MPLABXPROJECTS\LAB6.X\BONUS.ASM 38 : Found label after column 1. (LOOP2)
Warning[207] C:\USERS\WANGA\MPLABXPROJECTS\LAB6.X\BONUS.ASM 41 : Found label after column 1. (LOOP1)
Warning[207] C:\USERS\WANGA\MPLABXPROJECTS\LAB6.X\BONUS.ASM 103 : Found label after column 1. (notfirst1)
Warning[207] C:\USERS\WANGA\MPLABXPROJECTS\LAB6.X\BONUS.ASM 38 : Found label after column 1. (LOOP2)
Warning[207] C:\USERS\WANGA\MPLABXPROJECTS\LAB6.X\BONUS.ASM 41 : Found label after column 1. (LOOP1)
Warning[207] C:\USERS\WANGA\MPLABXPROJECTS\LAB6.X\BONUS.ASM 38 : Found label after column 1. (LOOP2)
Warning[207] C:\USERS\WANGA\MPLABXPROJECTS\LAB6.X\BONUS.ASM 41 : Found label after column 1. (LOOP1)
Warning[207] C:\USERS\WANGA\MPLABXPROJECTS\LAB6.X\BONUS.ASM 106 : Found label after column 1. (state12)
Warning[207] C:\USERS\WANGA\MPLABXPROJECTS\LAB6.X\BONUS.ASM 38 : Found label after column 1. (LOOP2)
Warning[207] C:\USERS\WANGA\MPLABXPROJECTS\LAB6.X\BONUS.ASM 41 : Found label after column 1. (LOOP1)
Warning[207] C:\USERS\WANGA\MPLABXPROJECTS\LAB6.X\BONUS.ASM 38 : Found label after column 1. (LOOP2)
Warning[207] C:\USERS\WANGA\MPLABXPROJECTS\LAB6.X\BONUS.ASM 41 : Found label after column 1. (LOOP1)
Warning[207] C:\USERS\WANGA\MPLABXPROJECTS\LAB6.X\BONUS.ASM 38 : Found label after column 1. (LOOP2)
Warning[207] C:\USERS\WANGA\MPLABXPROJECTS\LAB6.X\BONUS.ASM 41 : Found label after column 1. (LOOP1)
Warning[207] C:\USERS\WANGA\MPLABXPROJECTS\LAB6.X\BONUS.ASM 38 : Found label after column 1. (LOOP2)
Warning[207] C:\USERS\WANGA\MPLABXPROJECTS\LAB6.X\BONUS.ASM 41 : Found label after column 1. (LOOP1)
Warning[207] C:\USERS\WANGA\MPLABXPROJECTS\LAB6.X\BONUS.ASM 18 : Found label after column 1. (LOOP2)
Warning[207] C:\USERS\WANGA\MPLABXPROJECTS\LAB6.X\BONUS.ASM 21 : Found label after column 1. (LOOP1)
Warning[207] C:\USERS\WANGA\MPLABXPROJECTS\LAB6.X\BONUS.ASM 58 : Found label after column 1. (LOOP2)
Warning[207] C:\USERS\WANGA\MPLABXPROJECTS\LAB6.X\BONUS.ASM 61 : Found label after column 1. (LOOP1)
Warning[207] C:\USERS\WANGA\MPLABXPROJECTS\LAB6.X\BONUS.ASM 58 : Found label after column 1. (LOOP2)
Warning[207] C:\USERS\WANGA\MPLABXPROJECTS\LAB6.X\BONUS.ASM 61 : Found label after column 1. (LOOP1)
Warning[207] C:\USERS\WANGA\MPLABXPROJECTS\LAB6.X\BONUS.ASM 58 : Found label after column 1. (LOOP2)
Warning[207] C:\USERS\WANGA\MPLABXPROJECTS\LAB6.X\BONUS.ASM 61 : Found label after column 1. (LOOP1)
Warning[207] C:\USERS\WANGA\MPLABXPROJECTS\LAB6.X\BONUS.ASM 130 : Found label after column 1. (notfirst2)
Warning[207] C:\USERS\WANGA\MPLABXPROJECTS\LAB6.X\BONUS.ASM 58 : Found label after column 1. (LOOP2)
Warning[207] C:\USERS\WANGA\MPLABXPROJECTS\LAB6.X\BONUS.ASM 61 : Found label after column 1. (LOOP1)
Warning[207] C:\USERS\WANGA\MPLABXPROJECTS\LAB6.X\BONUS.ASM 58 : Found label after column 1. (LOOP2)
Warning[207] C:\USERS\WANGA\MPLABXPROJECTS\LAB6.X\BONUS.ASM 61 : Found label after column 1. (LOOP1)
Warning[207] C:\USERS\WANGA\MPLABXPROJECTS\LAB6.X\BONUS.ASM 58 : Found label after column 1. (LOOP2)
Warning[207] C:\USERS\WANGA\MPLABXPROJECTS\LAB6.X\BONUS.ASM 61 : Found label after column 1. (LOOP1)
Warning[207] C:\USERS\WANGA\MPLABXPROJECTS\LAB6.X\BONUS.ASM 58 : Found label after column 1. (LOOP2)
Warning[207] C:\USERS\WANGA\MPLABXPROJECTS\LAB6.X\BONUS.ASM 61 : Found label after column 1. (LOOP1)
Warning[207] C:\USERS\WANGA\MPLABXPROJECTS\LAB6.X\BONUS.ASM 135 : Found label after column 1. (state22)
Warning[207] C:\USERS\WANGA\MPLABXPROJECTS\LAB6.X\BONUS.ASM 58 : Found label after column 1. (LOOP2)
Warning[207] C:\USERS\WANGA\MPLABXPROJECTS\LAB6.X\BONUS.ASM 61 : Found label after column 1. (LOOP1)
Warning[207] C:\USERS\WANGA\MPLABXPROJECTS\LAB6.X\BONUS.ASM 58 : Found label after column 1. (LOOP2)
Warning[207] C:\USERS\WANGA\MPLABXPROJECTS\LAB6.X\BONUS.ASM 61 : Found label after column 1. (LOOP1)
Warning[207] C:\USERS\WANGA\MPLABXPROJECTS\LAB6.X\BONUS.ASM 58 : Found label after column 1. (LOOP2)
Warning[207] C:\USERS\WANGA\MPLABXPROJECTS\LAB6.X\BONUS.ASM 61 : Found label after column 1. (LOOP1)
Warning[207] C:\USERS\WANGA\MPLABXPROJECTS\LAB6.X\BONUS.ASM 58 : Found label after column 1. (LOOP2)
Warning[207] C:\USERS\WANGA\MPLABXPROJECTS\LAB6.X\BONUS.ASM 61 : Found label after column 1. (LOOP1)
Warning[207] C:\USERS\WANGA\MPLABXPROJECTS\LAB6.X\BONUS.ASM 58 : Found label after column 1. (LOOP2)
Warning[207] C:\USERS\WANGA\MPLABXPROJECTS\LAB6.X\BONUS.ASM 61 : Found label after column 1. (LOOP1)
Warning[207] C:\USERS\WANGA\MPLABXPROJECTS\LAB6.X\BONUS.ASM 58 : Found label after column 1. (LOOP2)
Warning[207] C:\USERS\WANGA\MPLABXPROJECTS\LAB6.X\BONUS.ASM 61 : Found label after column 1. (LOOP1)
Warning[207] C:\USERS\WANGA\MPLABXPROJECTS\LAB6.X\BONUS.ASM 58 : Found label after column 1. (LOOP2)
Warning[207] C:\USERS\WANGA\MPLABXPROJECTS\LAB6.X\BONUS.ASM 61 : Found label after column 1. (LOOP1)
Warning[207] C:\USERS\WANGA\MPLABXPROJECTS\LAB6.X\BONUS.ASM 58 : Found label after column 1. (LOOP2)
Warning[207] C:\USERS\WANGA\MPLABXPROJECTS\LAB6.X\BONUS.ASM 61 : Found label after column 1. (LOOP1)
Warning[207] C:\USERS\WANGA\MPLABXPROJECTS\LAB6.X\BONUS.ASM 58 : Found label after column 1. (LOOP2)
Warning[207] C:\USERS\WANGA\MPLABXPROJECTS\LAB6.X\BONUS.ASM 61 : Found label after column 1. (LOOP1)
Warning[207] C:\USERS\WANGA\MPLABXPROJECTS\LAB6.X\BONUS.ASM 58 : Found label after column 1. (LOOP2)
Warning[207] C:\USERS\WANGA\MPLABXPROJECTS\LAB6.X\BONUS.ASM 61 : Found label after column 1. (LOOP1)
Warning[207] C:\USERS\WANGA\MPLABXPROJECTS\LAB6.X\BONUS.ASM 58 : Found label after column 1. (LOOP2)
Warning[207] C:\USERS\WANGA\MPLABXPROJECTS\LAB6.X\BONUS.ASM 61 : Found label after column 1. (LOOP1)
Warning[207] C:\USERS\WANGA\MPLABXPROJECTS\LAB6.X\BONUS.ASM 58 : Found label after column 1. (LOOP2)
Warning[207] C:\USERS\WANGA\MPLABXPROJECTS\LAB6.X\BONUS.ASM 61 : Found label after column 1. (LOOP1)
Warning[207] C:\USERS\WANGA\MPLABXPROJECTS\LAB6.X\BONUS.ASM 58 : Found label after column 1. (LOOP2)
Warning[207] C:\USERS\WANGA\MPLABXPROJECTS\LAB6.X\BONUS.ASM 61 : Found label after column 1. (LOOP1)
Warning[207] C:\USERS\WANGA\MPLABXPROJECTS\LAB6.X\BONUS.ASM 58 : Found label after column 1. (LOOP2)
Warning[207] C:\USERS\WANGA\MPLABXPROJECTS\LAB6.X\BONUS.ASM 61 : Found label after column 1. (LOOP1)
Warning[205] C:\USERS\WANGA\MPLABXPROJECTS\LAB6.X\BONUS.ASM 159 : Found directive in column 1. (end)
