Warning[205] C:\USERS\WANGA\MPLABXPROJECTS\LAB4.X\ADVANCE.ASM 1 : Found directive in column 1. (List)
Warning[203] C:\USERS\WANGA\MPLABXPROJECTS\LAB4.X\ADVANCE.ASM 6 : Found opcode in column 1. (MOVLW)
Warning[203] C:\USERS\WANGA\MPLABXPROJECTS\LAB4.X\ADVANCE.ASM 7 : Found opcode in column 1. (MOVWF)
Warning[203] C:\USERS\WANGA\MPLABXPROJECTS\LAB4.X\ADVANCE.ASM 8 : Found opcode in column 1. (MOVLW)
Warning[203] C:\USERS\WANGA\MPLABXPROJECTS\LAB4.X\ADVANCE.ASM 9 : Found opcode in column 1. (MOVWF)
Warning[203] C:\USERS\WANGA\MPLABXPROJECTS\LAB4.X\ADVANCE.ASM 10 : Found opcode in column 1. (MOVLW)
Warning[203] C:\USERS\WANGA\MPLABXPROJECTS\LAB4.X\ADVANCE.ASM 11 : Found opcode in column 1. (MOVWF)
Warning[203] C:\USERS\WANGA\MPLABXPROJECTS\LAB4.X\ADVANCE.ASM 12 : Found opcode in column 1. (MOVLW)
Warning[203] C:\USERS\WANGA\MPLABXPROJECTS\LAB4.X\ADVANCE.ASM 13 : Found opcode in column 1. (MOVWF)
Warning[203] C:\USERS\WANGA\MPLABXPROJECTS\LAB4.X\ADVANCE.ASM 14 : Found opcode in column 1. (MOVLW)
Warning[203] C:\USERS\WANGA\MPLABXPROJECTS\LAB4.X\ADVANCE.ASM 15 : Found opcode in column 1. (MOVWF)
Warning[203] C:\USERS\WANGA\MPLABXPROJECTS\LAB4.X\ADVANCE.ASM 16 : Found opcode in column 1. (MOVLW)
Warning[203] C:\USERS\WANGA\MPLABXPROJECTS\LAB4.X\ADVANCE.ASM 17 : Found opcode in column 1. (MOVWF)
Warning[203] C:\USERS\WANGA\MPLABXPROJECTS\LAB4.X\ADVANCE.ASM 19 : Found opcode in column 1. (MOVFF)
Warning[203] C:\USERS\WANGA\MPLABXPROJECTS\LAB4.X\ADVANCE.ASM 20 : Found opcode in column 1. (MOVFF)
Warning[203] C:\USERS\WANGA\MPLABXPROJECTS\LAB4.X\ADVANCE.ASM 21 : Found opcode in column 1. (MOVFF)
Warning[203] C:\USERS\WANGA\MPLABXPROJECTS\LAB4.X\ADVANCE.ASM 22 : Found opcode in column 1. (MOVFF)
Warning[203] C:\USERS\WANGA\MPLABXPROJECTS\LAB4.X\ADVANCE.ASM 23 : Found opcode in column 1. (rcall)
Warning[203] C:\USERS\WANGA\MPLABXPROJECTS\LAB4.X\ADVANCE.ASM 24 : Found opcode in column 1. (MOVFF)
Warning[203] C:\USERS\WANGA\MPLABXPROJECTS\LAB4.X\ADVANCE.ASM 26 : Found opcode in column 1. (MOVFF)
Warning[203] C:\USERS\WANGA\MPLABXPROJECTS\LAB4.X\ADVANCE.ASM 27 : Found opcode in column 1. (MOVFF)
Warning[203] C:\USERS\WANGA\MPLABXPROJECTS\LAB4.X\ADVANCE.ASM 28 : Found opcode in column 1. (MOVFF)
Warning[203] C:\USERS\WANGA\MPLABXPROJECTS\LAB4.X\ADVANCE.ASM 29 : Found opcode in column 1. (MOVFF)
Warning[203] C:\USERS\WANGA\MPLABXPROJECTS\LAB4.X\ADVANCE.ASM 30 : Found opcode in column 1. (rcall)
Warning[203] C:\USERS\WANGA\MPLABXPROJECTS\LAB4.X\ADVANCE.ASM 31 : Found opcode in column 1. (MOVFF)
Warning[203] C:\USERS\WANGA\MPLABXPROJECTS\LAB4.X\ADVANCE.ASM 33 : Found opcode in column 1. (MOVFF)
Warning[203] C:\USERS\WANGA\MPLABXPROJECTS\LAB4.X\ADVANCE.ASM 34 : Found opcode in column 1. (MOVFF)
Warning[203] C:\USERS\WANGA\MPLABXPROJECTS\LAB4.X\ADVANCE.ASM 35 : Found opcode in column 1. (MOVFF)
Warning[203] C:\USERS\WANGA\MPLABXPROJECTS\LAB4.X\ADVANCE.ASM 36 : Found opcode in column 1. (MOVFF)
Warning[203] C:\USERS\WANGA\MPLABXPROJECTS\LAB4.X\ADVANCE.ASM 37 : Found opcode in column 1. (rcall)
Warning[203] C:\USERS\WANGA\MPLABXPROJECTS\LAB4.X\ADVANCE.ASM 38 : Found opcode in column 1. (MOVFF)
Warning[203] C:\USERS\WANGA\MPLABXPROJECTS\LAB4.X\ADVANCE.ASM 39 : Found opcode in column 1. (GOTO)
Warning[203] C:\USERS\WANGA\MPLABXPROJECTS\LAB4.X\ADVANCE.ASM 41 : Found opcode in column 1. (MOVFF)
Warning[203] C:\USERS\WANGA\MPLABXPROJECTS\LAB4.X\ADVANCE.ASM 42 : Found opcode in column 1. (MULWF)
Warning[203] C:\USERS\WANGA\MPLABXPROJECTS\LAB4.X\ADVANCE.ASM 43 : Found opcode in column 1. (MOVFF)
Warning[203] C:\USERS\WANGA\MPLABXPROJECTS\LAB4.X\ADVANCE.ASM 44 : Found opcode in column 1. (MOVFF)
Warning[203] C:\USERS\WANGA\MPLABXPROJECTS\LAB4.X\ADVANCE.ASM 45 : Found opcode in column 1. (BTFSS)
Warning[203] C:\USERS\WANGA\MPLABXPROJECTS\LAB4.X\ADVANCE.ASM 46 : Found opcode in column 1. (GOTO)
Warning[203] C:\USERS\WANGA\MPLABXPROJECTS\LAB4.X\ADVANCE.ASM 47 : Found opcode in column 1. (MOVFF)
Warning[203] C:\USERS\WANGA\MPLABXPROJECTS\LAB4.X\ADVANCE.ASM 48 : Found opcode in column 1. (SUBWF)
Warning[203] C:\USERS\WANGA\MPLABXPROJECTS\LAB4.X\ADVANCE.ASM 50 : Found opcode in column 1. (BTFSS)
Warning[203] C:\USERS\WANGA\MPLABXPROJECTS\LAB4.X\ADVANCE.ASM 51 : Found opcode in column 1. (GOTO)
Warning[203] C:\USERS\WANGA\MPLABXPROJECTS\LAB4.X\ADVANCE.ASM 52 : Found opcode in column 1. (MOVFF)
Warning[203] C:\USERS\WANGA\MPLABXPROJECTS\LAB4.X\ADVANCE.ASM 53 : Found opcode in column 1. (SUBWF)
Warning[203] C:\USERS\WANGA\MPLABXPROJECTS\LAB4.X\ADVANCE.ASM 56 : Found opcode in column 1. (MOVFF)
Warning[203] C:\USERS\WANGA\MPLABXPROJECTS\LAB4.X\ADVANCE.ASM 57 : Found opcode in column 1. (MULWF)
Warning[203] C:\USERS\WANGA\MPLABXPROJECTS\LAB4.X\ADVANCE.ASM 58 : Found opcode in column 1. (MOVFF)
Warning[203] C:\USERS\WANGA\MPLABXPROJECTS\LAB4.X\ADVANCE.ASM 59 : Found opcode in column 1. (MOVFF)
Warning[203] C:\USERS\WANGA\MPLABXPROJECTS\LAB4.X\ADVANCE.ASM 60 : Found opcode in column 1. (BTFSS)
Warning[203] C:\USERS\WANGA\MPLABXPROJECTS\LAB4.X\ADVANCE.ASM 61 : Found opcode in column 1. (GOTO)
Warning[203] C:\USERS\WANGA\MPLABXPROJECTS\LAB4.X\ADVANCE.ASM 62 : Found opcode in column 1. (MOVFF)
Warning[203] C:\USERS\WANGA\MPLABXPROJECTS\LAB4.X\ADVANCE.ASM 63 : Found opcode in column 1. (SUBWF)
Warning[203] C:\USERS\WANGA\MPLABXPROJECTS\LAB4.X\ADVANCE.ASM 65 : Found opcode in column 1. (BTFSS)
Warning[203] C:\USERS\WANGA\MPLABXPROJECTS\LAB4.X\ADVANCE.ASM 66 : Found opcode in column 1. (GOTO)
Warning[203] C:\USERS\WANGA\MPLABXPROJECTS\LAB4.X\ADVANCE.ASM 67 : Found opcode in column 1. (MOVFF)
Warning[203] C:\USERS\WANGA\MPLABXPROJECTS\LAB4.X\ADVANCE.ASM 68 : Found opcode in column 1. (SUBWF)
Warning[203] C:\USERS\WANGA\MPLABXPROJECTS\LAB4.X\ADVANCE.ASM 70 : Found opcode in column 1. (MOVLW)
Warning[203] C:\USERS\WANGA\MPLABXPROJECTS\LAB4.X\ADVANCE.ASM 71 : Found opcode in column 1. (MOVWF)
Warning[203] C:\USERS\WANGA\MPLABXPROJECTS\LAB4.X\ADVANCE.ASM 72 : Found opcode in column 1. (MOVFF)
Warning[203] C:\USERS\WANGA\MPLABXPROJECTS\LAB4.X\ADVANCE.ASM 73 : Found opcode in column 1. (SUBWF)
Warning[203] C:\USERS\WANGA\MPLABXPROJECTS\LAB4.X\ADVANCE.ASM 74 : Found opcode in column 1. (INCF)
Warning[203] C:\USERS\WANGA\MPLABXPROJECTS\LAB4.X\ADVANCE.ASM 75 : Found opcode in column 1. (MOVFF)
Warning[203] C:\USERS\WANGA\MPLABXPROJECTS\LAB4.X\ADVANCE.ASM 76 : Found opcode in column 1. (ADDWF)
Warning[203] C:\USERS\WANGA\MPLABXPROJECTS\LAB4.X\ADVANCE.ASM 77 : Found opcode in column 1. (RETURN)
Warning[203] C:\USERS\WANGA\MPLABXPROJECTS\LAB4.X\ADVANCE.ASM 79 : Found opcode in column 1. (MOVFF)
Warning[203] C:\USERS\WANGA\MPLABXPROJECTS\LAB4.X\ADVANCE.ASM 80 : Found opcode in column 1. (MOVFF)
Warning[203] C:\USERS\WANGA\MPLABXPROJECTS\LAB4.X\ADVANCE.ASM 81 : Found opcode in column 1. (MOVFF)
Warning[205] C:\USERS\WANGA\MPLABXPROJECTS\LAB4.X\ADVANCE.ASM 82 : Found directive in column 1. (end)
