Warning[205] C:\USERS\WANGA\MPLABXPROJECTS\LAB4.X\BONUS.ASM 1 : Found directive in column 1. (List)
Warning[203] C:\USERS\WANGA\MPLABXPROJECTS\LAB4.X\BONUS.ASM 6 : Found opcode in column 1. (MOVLW)
Warning[203] C:\USERS\WANGA\MPLABXPROJECTS\LAB4.X\BONUS.ASM 7 : Found opcode in column 1. (MOVWF)
Warning[203] C:\USERS\WANGA\MPLABXPROJECTS\LAB4.X\BONUS.ASM 8 : Found opcode in column 1. (MOVWF)
Warning[203] C:\USERS\WANGA\MPLABXPROJECTS\LAB4.X\BONUS.ASM 9 : Found opcode in column 1. (MOVWF)
Warning[203] C:\USERS\WANGA\MPLABXPROJECTS\LAB4.X\BONUS.ASM 10 : Found opcode in column 1. (MOVWF)
Warning[203] C:\USERS\WANGA\MPLABXPROJECTS\LAB4.X\BONUS.ASM 11 : Found opcode in column 1. (MOVWF)
Warning[203] C:\USERS\WANGA\MPLABXPROJECTS\LAB4.X\BONUS.ASM 12 : Found opcode in column 1. (MOVLW)
Warning[203] C:\USERS\WANGA\MPLABXPROJECTS\LAB4.X\BONUS.ASM 13 : Found opcode in column 1. (MOVWF)
Warning[203] C:\USERS\WANGA\MPLABXPROJECTS\LAB4.X\BONUS.ASM 14 : Found opcode in column 1. (MOVLW)
Warning[203] C:\USERS\WANGA\MPLABXPROJECTS\LAB4.X\BONUS.ASM 15 : Found opcode in column 1. (MOVWF)
Warning[203] C:\USERS\WANGA\MPLABXPROJECTS\LAB4.X\BONUS.ASM 17 : Found opcode in column 1. (rcall)
Warning[203] C:\USERS\WANGA\MPLABXPROJECTS\LAB4.X\BONUS.ASM 18 : Found opcode in column 1. (DECFSZ)
Warning[203] C:\USERS\WANGA\MPLABXPROJECTS\LAB4.X\BONUS.ASM 19 : Found opcode in column 1. (GOTO)
Warning[203] C:\USERS\WANGA\MPLABXPROJECTS\LAB4.X\BONUS.ASM 20 : Found opcode in column 1. (GOTO)
Warning[203] C:\USERS\WANGA\MPLABXPROJECTS\LAB4.X\BONUS.ASM 23 : Found opcode in column 1. (MOVFF)
Warning[203] C:\USERS\WANGA\MPLABXPROJECTS\LAB4.X\BONUS.ASM 24 : Found opcode in column 1. (ADDWF)
Warning[202] C:\USERS\WANGA\MPLABXPROJECTS\LAB4.X\BONUS.ASM 24 : Argument out of range.  Least significant bits used.
Warning[203] C:\USERS\WANGA\MPLABXPROJECTS\LAB4.X\BONUS.ASM 25 : Found opcode in column 1. (MOVWF)
Warning[203] C:\USERS\WANGA\MPLABXPROJECTS\LAB4.X\BONUS.ASM 26 : Found opcode in column 1. (BTFSS)
Warning[203] C:\USERS\WANGA\MPLABXPROJECTS\LAB4.X\BONUS.ASM 27 : Found opcode in column 1. (GOTO)
Warning[203] C:\USERS\WANGA\MPLABXPROJECTS\LAB4.X\BONUS.ASM 28 : Found opcode in column 1. (INCF)
Warning[203] C:\USERS\WANGA\MPLABXPROJECTS\LAB4.X\BONUS.ASM 30 : Found opcode in column 1. (MOVFF)
Warning[203] C:\USERS\WANGA\MPLABXPROJECTS\LAB4.X\BONUS.ASM 31 : Found opcode in column 1. (ADDWF)
Warning[202] C:\USERS\WANGA\MPLABXPROJECTS\LAB4.X\BONUS.ASM 31 : Argument out of range.  Least significant bits used.
Warning[203] C:\USERS\WANGA\MPLABXPROJECTS\LAB4.X\BONUS.ASM 32 : Found opcode in column 1. (ADDWF)
Warning[203] C:\USERS\WANGA\MPLABXPROJECTS\LAB4.X\BONUS.ASM 34 : Found opcode in column 1. (MOVFF)
Warning[203] C:\USERS\WANGA\MPLABXPROJECTS\LAB4.X\BONUS.ASM 35 : Found opcode in column 1. (MOVFF)
Warning[203] C:\USERS\WANGA\MPLABXPROJECTS\LAB4.X\BONUS.ASM 36 : Found opcode in column 1. (MOVFF)
Warning[203] C:\USERS\WANGA\MPLABXPROJECTS\LAB4.X\BONUS.ASM 37 : Found opcode in column 1. (MOVFF)
Warning[203] C:\USERS\WANGA\MPLABXPROJECTS\LAB4.X\BONUS.ASM 38 : Found opcode in column 1. (CLRF)
Warning[203] C:\USERS\WANGA\MPLABXPROJECTS\LAB4.X\BONUS.ASM 39 : Found opcode in column 1. (CLRF)
Warning[203] C:\USERS\WANGA\MPLABXPROJECTS\LAB4.X\BONUS.ASM 40 : Found opcode in column 1. (RETURN)
Warning[205] C:\USERS\WANGA\MPLABXPROJECTS\LAB4.X\BONUS.ASM 42 : Found directive in column 1. (end)
