Warning[205] C:\USERS\WANGA\MPLABXPROJECTS\LAB1-1.X\ADVANCE.ASM 1 : Found directive in column 1. (List)
Warning[203] C:\USERS\WANGA\MPLABXPROJECTS\LAB1-1.X\ADVANCE.ASM 7 : Found opcode in column 1. (MOVLW)
Warning[203] C:\USERS\WANGA\MPLABXPROJECTS\LAB1-1.X\ADVANCE.ASM 8 : Found opcode in column 1. (MOVWF)
Warning[203] C:\USERS\WANGA\MPLABXPROJECTS\LAB1-1.X\ADVANCE.ASM 9 : Found opcode in column 1. (MOVLW)
Warning[203] C:\USERS\WANGA\MPLABXPROJECTS\LAB1-1.X\ADVANCE.ASM 10 : Found opcode in column 1. (MOVWF)
Warning[203] C:\USERS\WANGA\MPLABXPROJECTS\LAB1-1.X\ADVANCE.ASM 11 : Found opcode in column 1. (MOVLW)
Warning[203] C:\USERS\WANGA\MPLABXPROJECTS\LAB1-1.X\ADVANCE.ASM 12 : Found opcode in column 1. (ANDWF)
Warning[203] C:\USERS\WANGA\MPLABXPROJECTS\LAB1-1.X\ADVANCE.ASM 13 : Found opcode in column 1. (MOVLW)
Warning[203] C:\USERS\WANGA\MPLABXPROJECTS\LAB1-1.X\ADVANCE.ASM 14 : Found opcode in column 1. (ANDWF)
Warning[203] C:\USERS\WANGA\MPLABXPROJECTS\LAB1-1.X\ADVANCE.ASM 15 : Found opcode in column 1. (CLRF)
Warning[203] C:\USERS\WANGA\MPLABXPROJECTS\LAB1-1.X\ADVANCE.ASM 16 : Found opcode in column 1. (ADDWF)
Warning[203] C:\USERS\WANGA\MPLABXPROJECTS\LAB1-1.X\ADVANCE.ASM 17 : Found opcode in column 1. (ADDWF)
Warning[203] C:\USERS\WANGA\MPLABXPROJECTS\LAB1-1.X\ADVANCE.ASM 18 : Found opcode in column 1. (MOVWF)
Warning[203] C:\USERS\WANGA\MPLABXPROJECTS\LAB1-1.X\ADVANCE.ASM 20 : Found opcode in column 1. (MOVLW)
Warning[203] C:\USERS\WANGA\MPLABXPROJECTS\LAB1-1.X\ADVANCE.ASM 21 : Found opcode in column 1. (MOVWF)
Warning[203] C:\USERS\WANGA\MPLABXPROJECTS\LAB1-1.X\ADVANCE.ASM 23 : Found opcode in column 1. (BTFSS)
Warning[203] C:\USERS\WANGA\MPLABXPROJECTS\LAB1-1.X\ADVANCE.ASM 24 : Found opcode in column 1. (INCF)
Warning[203] C:\USERS\WANGA\MPLABXPROJECTS\LAB1-1.X\ADVANCE.ASM 25 : Found opcode in column 1. (RRNCF)
Warning[203] C:\USERS\WANGA\MPLABXPROJECTS\LAB1-1.X\ADVANCE.ASM 26 : Found opcode in column 1. (BTFSS)
Warning[203] C:\USERS\WANGA\MPLABXPROJECTS\LAB1-1.X\ADVANCE.ASM 27 : Found opcode in column 1. (INCF)
Warning[203] C:\USERS\WANGA\MPLABXPROJECTS\LAB1-1.X\ADVANCE.ASM 28 : Found opcode in column 1. (RRNCF)
Warning[203] C:\USERS\WANGA\MPLABXPROJECTS\LAB1-1.X\ADVANCE.ASM 29 : Found opcode in column 1. (BTFSS)
Warning[203] C:\USERS\WANGA\MPLABXPROJECTS\LAB1-1.X\ADVANCE.ASM 30 : Found opcode in column 1. (INCF)
Warning[203] C:\USERS\WANGA\MPLABXPROJECTS\LAB1-1.X\ADVANCE.ASM 31 : Found opcode in column 1. (RRNCF)
Warning[203] C:\USERS\WANGA\MPLABXPROJECTS\LAB1-1.X\ADVANCE.ASM 32 : Found opcode in column 1. (BTFSS)
Warning[203] C:\USERS\WANGA\MPLABXPROJECTS\LAB1-1.X\ADVANCE.ASM 33 : Found opcode in column 1. (INCF)
Warning[203] C:\USERS\WANGA\MPLABXPROJECTS\LAB1-1.X\ADVANCE.ASM 34 : Found opcode in column 1. (RRNCF)
Warning[203] C:\USERS\WANGA\MPLABXPROJECTS\LAB1-1.X\ADVANCE.ASM 35 : Found opcode in column 1. (BTFSS)
Warning[203] C:\USERS\WANGA\MPLABXPROJECTS\LAB1-1.X\ADVANCE.ASM 36 : Found opcode in column 1. (INCF)
Warning[203] C:\USERS\WANGA\MPLABXPROJECTS\LAB1-1.X\ADVANCE.ASM 37 : Found opcode in column 1. (RRNCF)
Warning[203] C:\USERS\WANGA\MPLABXPROJECTS\LAB1-1.X\ADVANCE.ASM 38 : Found opcode in column 1. (BTFSS)
Warning[203] C:\USERS\WANGA\MPLABXPROJECTS\LAB1-1.X\ADVANCE.ASM 39 : Found opcode in column 1. (INCF)
Warning[203] C:\USERS\WANGA\MPLABXPROJECTS\LAB1-1.X\ADVANCE.ASM 40 : Found opcode in column 1. (RRNCF)
Warning[203] C:\USERS\WANGA\MPLABXPROJECTS\LAB1-1.X\ADVANCE.ASM 41 : Found opcode in column 1. (BTFSS)
Warning[203] C:\USERS\WANGA\MPLABXPROJECTS\LAB1-1.X\ADVANCE.ASM 42 : Found opcode in column 1. (INCF)
Warning[203] C:\USERS\WANGA\MPLABXPROJECTS\LAB1-1.X\ADVANCE.ASM 43 : Found opcode in column 1. (RRNCF)
Warning[203] C:\USERS\WANGA\MPLABXPROJECTS\LAB1-1.X\ADVANCE.ASM 44 : Found opcode in column 1. (BTFSS)
Warning[203] C:\USERS\WANGA\MPLABXPROJECTS\LAB1-1.X\ADVANCE.ASM 45 : Found opcode in column 1. (INCF)
Warning[203] C:\USERS\WANGA\MPLABXPROJECTS\LAB1-1.X\ADVANCE.ASM 46 : Found opcode in column 1. (RRNCF)
Warning[205] C:\USERS\WANGA\MPLABXPROJECTS\LAB1-1.X\ADVANCE.ASM 47 : Found directive in column 1. (end)
