Warning[207] C:\USERS\WANGA\MPLABXPROJECTS\LAB7.X\BASIC.ASM 59 : Found label after column 1. (L1)
Warning[207] C:\USERS\WANGA\MPLABXPROJECTS\LAB7.X\BASIC.ASM 60 : Found label after column 1. (L2)
Warning[205] C:\USERS\WANGA\MPLABXPROJECTS\LAB7.X\BASIC.ASM 80 : Found directive in column 1. (endm)
Warning[203] C:\USERS\WANGA\MPLABXPROJECTS\LAB7.X\BASIC.ASM 81 : Found opcode in column 1. (goto)
Warning[207] C:\USERS\WANGA\MPLABXPROJECTS\LAB7.X\BASIC.ASM 92 : Found label after column 1. (check2)
Warning[207] C:\USERS\WANGA\MPLABXPROJECTS\LAB7.X\BASIC.ASM 98 : Found label after column 1. (check3)
Warning[207] C:\USERS\WANGA\MPLABXPROJECTS\LAB7.X\BASIC.ASM 101 : Found label after column 1. (ISRend)
Warning[207] C:\USERS\WANGA\MPLABXPROJECTS\LAB7.X\BASIC.ASM 106 : Found label after column 1. (count)
Warning[207] C:\USERS\WANGA\MPLABXPROJECTS\LAB7.X\BASIC.ASM 107 : Found label after column 1. (ls)
Warning[207] C:\USERS\WANGA\MPLABXPROJECTS\LAB7.X\BASIC.ASM 108 : Found label after column 1. (real)
Warning[207] C:\USERS\WANGA\MPLABXPROJECTS\LAB7.X\BASIC.ASM 66 : Found label after column 1. (LOOP2)
Warning[202] C:\USERS\WANGA\MPLABXPROJECTS\LAB7.X\BASIC.ASM 67 : Argument out of range.  Least significant bits used.
Warning[207] C:\USERS\WANGA\MPLABXPROJECTS\LAB7.X\BASIC.ASM 69 : Found label after column 1. (LOOP1)
Warning[207] C:\USERS\WANGA\MPLABXPROJECTS\LAB7.X\BASIC.ASM 66 : Found label after column 1. (LOOP2)
Warning[202] C:\USERS\WANGA\MPLABXPROJECTS\LAB7.X\BASIC.ASM 67 : Argument out of range.  Least significant bits used.
Warning[207] C:\USERS\WANGA\MPLABXPROJECTS\LAB7.X\BASIC.ASM 69 : Found label after column 1. (LOOP1)
Warning[207] C:\USERS\WANGA\MPLABXPROJECTS\LAB7.X\BASIC.ASM 66 : Found label after column 1. (LOOP2)
Warning[202] C:\USERS\WANGA\MPLABXPROJECTS\LAB7.X\BASIC.ASM 67 : Argument out of range.  Least significant bits used.
Warning[207] C:\USERS\WANGA\MPLABXPROJECTS\LAB7.X\BASIC.ASM 69 : Found label after column 1. (LOOP1)
Warning[207] C:\USERS\WANGA\MPLABXPROJECTS\LAB7.X\BASIC.ASM 149 : Found label after column 1. (loop)
Warning[205] C:\USERS\WANGA\MPLABXPROJECTS\LAB7.X\BASIC.ASM 157 : Found directive in column 1. (end)
