Warning[205] C:\USERS\WANGA\MPLABXPROJECTS\LAB3.X\ADVANCE.ASM 1 : Found directive in column 1. (List)
Warning[203] C:\USERS\WANGA\MPLABXPROJECTS\LAB3.X\ADVANCE.ASM 7 : Found opcode in column 1. (MOVLW)
Warning[203] C:\USERS\WANGA\MPLABXPROJECTS\LAB3.X\ADVANCE.ASM 8 : Found opcode in column 1. (MOVWF)
Warning[203] C:\USERS\WANGA\MPLABXPROJECTS\LAB3.X\ADVANCE.ASM 9 : Found opcode in column 1. (MOVLW)
Warning[203] C:\USERS\WANGA\MPLABXPROJECTS\LAB3.X\ADVANCE.ASM 10 : Found opcode in column 1. (MOVWF)
Warning[203] C:\USERS\WANGA\MPLABXPROJECTS\LAB3.X\ADVANCE.ASM 11 : Found opcode in column 1. (MOVLW)
Warning[203] C:\USERS\WANGA\MPLABXPROJECTS\LAB3.X\ADVANCE.ASM 12 : Found opcode in column 1. (MOVWF)
Warning[203] C:\USERS\WANGA\MPLABXPROJECTS\LAB3.X\ADVANCE.ASM 13 : Found opcode in column 1. (MOVLW)
Warning[203] C:\USERS\WANGA\MPLABXPROJECTS\LAB3.X\ADVANCE.ASM 14 : Found opcode in column 1. (MOVWF)
Warning[203] C:\USERS\WANGA\MPLABXPROJECTS\LAB3.X\ADVANCE.ASM 15 : Found opcode in column 1. (CLRF)
Warning[203] C:\USERS\WANGA\MPLABXPROJECTS\LAB3.X\ADVANCE.ASM 16 : Found opcode in column 1. (CLRF)
Warning[203] C:\USERS\WANGA\MPLABXPROJECTS\LAB3.X\ADVANCE.ASM 17 : Found opcode in column 1. (CLRF)
Warning[203] C:\USERS\WANGA\MPLABXPROJECTS\LAB3.X\ADVANCE.ASM 18 : Found opcode in column 1. (CLRF)
Warning[203] C:\USERS\WANGA\MPLABXPROJECTS\LAB3.X\ADVANCE.ASM 20 : Found opcode in column 1. (MOVFF)
Warning[203] C:\USERS\WANGA\MPLABXPROJECTS\LAB3.X\ADVANCE.ASM 21 : Found opcode in column 1. (MULWF)
Warning[203] C:\USERS\WANGA\MPLABXPROJECTS\LAB3.X\ADVANCE.ASM 22 : Found opcode in column 1. (MOVFF)
Warning[203] C:\USERS\WANGA\MPLABXPROJECTS\LAB3.X\ADVANCE.ASM 23 : Found opcode in column 1. (ADDWF)
Warning[203] C:\USERS\WANGA\MPLABXPROJECTS\LAB3.X\ADVANCE.ASM 24 : Found opcode in column 1. (MOVFF)
Warning[203] C:\USERS\WANGA\MPLABXPROJECTS\LAB3.X\ADVANCE.ASM 25 : Found opcode in column 1. (ADDWF)
Warning[203] C:\USERS\WANGA\MPLABXPROJECTS\LAB3.X\ADVANCE.ASM 28 : Found opcode in column 1. (MOVFF)
Warning[203] C:\USERS\WANGA\MPLABXPROJECTS\LAB3.X\ADVANCE.ASM 29 : Found opcode in column 1. (MULWF)
Warning[203] C:\USERS\WANGA\MPLABXPROJECTS\LAB3.X\ADVANCE.ASM 30 : Found opcode in column 1. (MOVFF)
Warning[203] C:\USERS\WANGA\MPLABXPROJECTS\LAB3.X\ADVANCE.ASM 31 : Found opcode in column 1. (ADDWF)
Warning[203] C:\USERS\WANGA\MPLABXPROJECTS\LAB3.X\ADVANCE.ASM 32 : Found opcode in column 1. (MOVLW)
Warning[203] C:\USERS\WANGA\MPLABXPROJECTS\LAB3.X\ADVANCE.ASM 33 : Found opcode in column 1. (BTFSC)
Warning[203] C:\USERS\WANGA\MPLABXPROJECTS\LAB3.X\ADVANCE.ASM 34 : Found opcode in column 1. (MOVLW)
Warning[203] C:\USERS\WANGA\MPLABXPROJECTS\LAB3.X\ADVANCE.ASM 35 : Found opcode in column 1. (ADDWF)
Warning[203] C:\USERS\WANGA\MPLABXPROJECTS\LAB3.X\ADVANCE.ASM 36 : Found opcode in column 1. (MOVFF)
Warning[203] C:\USERS\WANGA\MPLABXPROJECTS\LAB3.X\ADVANCE.ASM 37 : Found opcode in column 1. (ADDWF)
Warning[203] C:\USERS\WANGA\MPLABXPROJECTS\LAB3.X\ADVANCE.ASM 38 : Found opcode in column 1. (MOVLW)
Warning[203] C:\USERS\WANGA\MPLABXPROJECTS\LAB3.X\ADVANCE.ASM 39 : Found opcode in column 1. (BTFSC)
Warning[203] C:\USERS\WANGA\MPLABXPROJECTS\LAB3.X\ADVANCE.ASM 40 : Found opcode in column 1. (MOVLW)
Warning[203] C:\USERS\WANGA\MPLABXPROJECTS\LAB3.X\ADVANCE.ASM 41 : Found opcode in column 1. (ADDWF)
Warning[203] C:\USERS\WANGA\MPLABXPROJECTS\LAB3.X\ADVANCE.ASM 44 : Found opcode in column 1. (MOVFF)
Warning[203] C:\USERS\WANGA\MPLABXPROJECTS\LAB3.X\ADVANCE.ASM 45 : Found opcode in column 1. (MULWF)
Warning[203] C:\USERS\WANGA\MPLABXPROJECTS\LAB3.X\ADVANCE.ASM 46 : Found opcode in column 1. (MOVFF)
Warning[203] C:\USERS\WANGA\MPLABXPROJECTS\LAB3.X\ADVANCE.ASM 47 : Found opcode in column 1. (ADDWF)
Warning[203] C:\USERS\WANGA\MPLABXPROJECTS\LAB3.X\ADVANCE.ASM 48 : Found opcode in column 1. (MOVLW)
Warning[203] C:\USERS\WANGA\MPLABXPROJECTS\LAB3.X\ADVANCE.ASM 49 : Found opcode in column 1. (BTFSC)
Warning[203] C:\USERS\WANGA\MPLABXPROJECTS\LAB3.X\ADVANCE.ASM 50 : Found opcode in column 1. (MOVLW)
Warning[203] C:\USERS\WANGA\MPLABXPROJECTS\LAB3.X\ADVANCE.ASM 51 : Found opcode in column 1. (ADDWF)
Warning[203] C:\USERS\WANGA\MPLABXPROJECTS\LAB3.X\ADVANCE.ASM 52 : Found opcode in column 1. (MOVFF)
Warning[203] C:\USERS\WANGA\MPLABXPROJECTS\LAB3.X\ADVANCE.ASM 53 : Found opcode in column 1. (ADDWF)
Warning[203] C:\USERS\WANGA\MPLABXPROJECTS\LAB3.X\ADVANCE.ASM 54 : Found opcode in column 1. (MOVLW)
Warning[203] C:\USERS\WANGA\MPLABXPROJECTS\LAB3.X\ADVANCE.ASM 55 : Found opcode in column 1. (BTFSC)
Warning[203] C:\USERS\WANGA\MPLABXPROJECTS\LAB3.X\ADVANCE.ASM 56 : Found opcode in column 1. (MOVLW)
Warning[203] C:\USERS\WANGA\MPLABXPROJECTS\LAB3.X\ADVANCE.ASM 57 : Found opcode in column 1. (ADDWF)
Warning[203] C:\USERS\WANGA\MPLABXPROJECTS\LAB3.X\ADVANCE.ASM 60 : Found opcode in column 1. (MOVFF)
Warning[203] C:\USERS\WANGA\MPLABXPROJECTS\LAB3.X\ADVANCE.ASM 61 : Found opcode in column 1. (MULWF)
Warning[203] C:\USERS\WANGA\MPLABXPROJECTS\LAB3.X\ADVANCE.ASM 62 : Found opcode in column 1. (MOVFF)
Warning[203] C:\USERS\WANGA\MPLABXPROJECTS\LAB3.X\ADVANCE.ASM 63 : Found opcode in column 1. (ADDWF)
Warning[203] C:\USERS\WANGA\MPLABXPROJECTS\LAB3.X\ADVANCE.ASM 64 : Found opcode in column 1. (MOVLW)
Warning[203] C:\USERS\WANGA\MPLABXPROJECTS\LAB3.X\ADVANCE.ASM 65 : Found opcode in column 1. (BTFSC)
Warning[203] C:\USERS\WANGA\MPLABXPROJECTS\LAB3.X\ADVANCE.ASM 66 : Found opcode in column 1. (MOVLW)
Warning[203] C:\USERS\WANGA\MPLABXPROJECTS\LAB3.X\ADVANCE.ASM 67 : Found opcode in column 1. (ADDWF)
Warning[203] C:\USERS\WANGA\MPLABXPROJECTS\LAB3.X\ADVANCE.ASM 68 : Found opcode in column 1. (MOVFF)
Warning[203] C:\USERS\WANGA\MPLABXPROJECTS\LAB3.X\ADVANCE.ASM 69 : Found opcode in column 1. (ADDWF)
Warning[205] C:\USERS\WANGA\MPLABXPROJECTS\LAB3.X\ADVANCE.ASM 71 : Found directive in column 1. (end)
