Warning[205] C:\USERS\WANGA\MPLABXPROJECTS\LAB3.X\BONUS.ASM 1 : Found directive in column 1. (List)
Warning[203] C:\USERS\WANGA\MPLABXPROJECTS\LAB3.X\BONUS.ASM 6 : Found opcode in column 1. (MOVLW)
Warning[203] C:\USERS\WANGA\MPLABXPROJECTS\LAB3.X\BONUS.ASM 7 : Found opcode in column 1. (MOVWF)
Warning[203] C:\USERS\WANGA\MPLABXPROJECTS\LAB3.X\BONUS.ASM 8 : Found opcode in column 1. (MOVLW)
Warning[203] C:\USERS\WANGA\MPLABXPROJECTS\LAB3.X\BONUS.ASM 9 : Found opcode in column 1. (MOVWF)
Warning[203] C:\USERS\WANGA\MPLABXPROJECTS\LAB3.X\BONUS.ASM 11 : Found opcode in column 1. (MOVLW)
Warning[203] C:\USERS\WANGA\MPLABXPROJECTS\LAB3.X\BONUS.ASM 12 : Found opcode in column 1. (MOVWF)
Warning[203] C:\USERS\WANGA\MPLABXPROJECTS\LAB3.X\BONUS.ASM 13 : Found opcode in column 1. (MOVLW)
Warning[203] C:\USERS\WANGA\MPLABXPROJECTS\LAB3.X\BONUS.ASM 14 : Found opcode in column 1. (MOVWF)
Warning[203] C:\USERS\WANGA\MPLABXPROJECTS\LAB3.X\BONUS.ASM 16 : Found opcode in column 1. (BTFSC)
Warning[203] C:\USERS\WANGA\MPLABXPROJECTS\LAB3.X\BONUS.ASM 17 : Found opcode in column 1. (GOTO)
Warning[203] C:\USERS\WANGA\MPLABXPROJECTS\LAB3.X\BONUS.ASM 18 : Found opcode in column 1. (RLNCF)
Warning[203] C:\USERS\WANGA\MPLABXPROJECTS\LAB3.X\BONUS.ASM 19 : Found opcode in column 1. (BCF)
Warning[203] C:\USERS\WANGA\MPLABXPROJECTS\LAB3.X\BONUS.ASM 20 : Found opcode in column 1. (DECF)
Warning[203] C:\USERS\WANGA\MPLABXPROJECTS\LAB3.X\BONUS.ASM 21 : Found opcode in column 1. (DECFSZ)
Warning[203] C:\USERS\WANGA\MPLABXPROJECTS\LAB3.X\BONUS.ASM 22 : Found opcode in column 1. (GOTO)
Warning[203] C:\USERS\WANGA\MPLABXPROJECTS\LAB3.X\BONUS.ASM 23 : Found opcode in column 1. (GOTO)
Warning[203] C:\USERS\WANGA\MPLABXPROJECTS\LAB3.X\BONUS.ASM 25 : Found opcode in column 1. (MOVFF)
Warning[203] C:\USERS\WANGA\MPLABXPROJECTS\LAB3.X\BONUS.ASM 27 : Found opcode in column 1. (MOVLW)
Warning[203] C:\USERS\WANGA\MPLABXPROJECTS\LAB3.X\BONUS.ASM 28 : Found opcode in column 1. (MOVWF)
Warning[203] C:\USERS\WANGA\MPLABXPROJECTS\LAB3.X\BONUS.ASM 30 : Found opcode in column 1. (BTFSC)
Warning[203] C:\USERS\WANGA\MPLABXPROJECTS\LAB3.X\BONUS.ASM 31 : Found opcode in column 1. (GOTO)
Warning[203] C:\USERS\WANGA\MPLABXPROJECTS\LAB3.X\BONUS.ASM 32 : Found opcode in column 1. (RRNCF)
Warning[203] C:\USERS\WANGA\MPLABXPROJECTS\LAB3.X\BONUS.ASM 33 : Found opcode in column 1. (DECFSZ)
Warning[203] C:\USERS\WANGA\MPLABXPROJECTS\LAB3.X\BONUS.ASM 34 : Found opcode in column 1. (GOTO)
Warning[203] C:\USERS\WANGA\MPLABXPROJECTS\LAB3.X\BONUS.ASM 35 : Found opcode in column 1. (GOTO)
Warning[203] C:\USERS\WANGA\MPLABXPROJECTS\LAB3.X\BONUS.ASM 39 : Found opcode in column 1. (MOVLW)
Warning[203] C:\USERS\WANGA\MPLABXPROJECTS\LAB3.X\BONUS.ASM 40 : Found opcode in column 1. (MOVWF)
Warning[203] C:\USERS\WANGA\MPLABXPROJECTS\LAB3.X\BONUS.ASM 41 : Found opcode in column 1. (MOVLW)
Warning[203] C:\USERS\WANGA\MPLABXPROJECTS\LAB3.X\BONUS.ASM 42 : Found opcode in column 1. (MOVWF)
Warning[203] C:\USERS\WANGA\MPLABXPROJECTS\LAB3.X\BONUS.ASM 44 : Found opcode in column 1. (BTFSC)
Warning[203] C:\USERS\WANGA\MPLABXPROJECTS\LAB3.X\BONUS.ASM 45 : Found opcode in column 1. (GOTO)
Warning[203] C:\USERS\WANGA\MPLABXPROJECTS\LAB3.X\BONUS.ASM 46 : Found opcode in column 1. (RLNCF)
Warning[203] C:\USERS\WANGA\MPLABXPROJECTS\LAB3.X\BONUS.ASM 47 : Found opcode in column 1. (BCF)
Warning[203] C:\USERS\WANGA\MPLABXPROJECTS\LAB3.X\BONUS.ASM 48 : Found opcode in column 1. (DECF)
Warning[203] C:\USERS\WANGA\MPLABXPROJECTS\LAB3.X\BONUS.ASM 49 : Found opcode in column 1. (DECFSZ)
Warning[203] C:\USERS\WANGA\MPLABXPROJECTS\LAB3.X\BONUS.ASM 50 : Found opcode in column 1. (GOTO)
Warning[203] C:\USERS\WANGA\MPLABXPROJECTS\LAB3.X\BONUS.ASM 51 : Found opcode in column 1. (GOTO)
Warning[203] C:\USERS\WANGA\MPLABXPROJECTS\LAB3.X\BONUS.ASM 53 : Found opcode in column 1. (MOVFF)
Warning[203] C:\USERS\WANGA\MPLABXPROJECTS\LAB3.X\BONUS.ASM 55 : Found opcode in column 1. (MOVLW)
Warning[203] C:\USERS\WANGA\MPLABXPROJECTS\LAB3.X\BONUS.ASM 56 : Found opcode in column 1. (MOVWF)
Warning[203] C:\USERS\WANGA\MPLABXPROJECTS\LAB3.X\BONUS.ASM 58 : Found opcode in column 1. (BTFSC)
Warning[203] C:\USERS\WANGA\MPLABXPROJECTS\LAB3.X\BONUS.ASM 59 : Found opcode in column 1. (GOTO)
Warning[203] C:\USERS\WANGA\MPLABXPROJECTS\LAB3.X\BONUS.ASM 60 : Found opcode in column 1. (RRNCF)
Warning[203] C:\USERS\WANGA\MPLABXPROJECTS\LAB3.X\BONUS.ASM 61 : Found opcode in column 1. (DECFSZ)
Warning[203] C:\USERS\WANGA\MPLABXPROJECTS\LAB3.X\BONUS.ASM 62 : Found opcode in column 1. (GOTO)
Warning[203] C:\USERS\WANGA\MPLABXPROJECTS\LAB3.X\BONUS.ASM 63 : Found opcode in column 1. (GOTO)
Warning[203] C:\USERS\WANGA\MPLABXPROJECTS\LAB3.X\BONUS.ASM 65 : Found opcode in column 1. (INCF)
Warning[205] C:\USERS\WANGA\MPLABXPROJECTS\LAB3.X\BONUS.ASM 67 : Found directive in column 1. (end)
